#
# There is insufficient memory for the Java Runtime Environment to continue.
# Native memory allocation (malloc) failed to allocate 32744 bytes for ChunkPool::allocate
# Possible reasons:
#   The system is out of physical RAM or swap space
#   The process is running with CompressedOops enabled, and the Java Heap may be blocking the growth of the native heap
# Possible solutions:
#   Reduce memory load on the system
#   Increase physical memory or swap space
#   Check if swap backing store is full
#   Decrease Java heap size (-Xmx/-Xms)
#   Decrease number of Java threads
#   Decrease Java thread stack sizes (-Xss)
#   Set larger code cache with -XX:ReservedCodeCacheSize=
#   JVM is running with Unscaled Compressed Oops mode in which the Java heap is
#     placed in the first 4GB address space. The Java Heap base address is the
#     maximum limit for the native heap growth. Please use -XX:HeapBaseMinAddress
#     to set the Java Heap base and to place the Java Heap above 4GB virtual address.
# This output file may be truncated or incomplete.
#
#  Out of Memory Error (arena.cpp:78), pid=18584, tid=15000
#
# JRE version: OpenJDK Runtime Environment Temurin-17.0.7+7 (17.0.7+7) (build 17.0.7+7)
# Java VM: OpenJDK 64-Bit Server VM Temurin-17.0.7+7 (17.0.7+7, mixed mode, tiered, compressed oops, compressed class ptrs, g1 gc, windows-amd64)
# No core dump will be written. Minidumps are not enabled by default on client versions of Windows
#

---------------  S U M M A R Y ------------

Command Line: -Dfile.encoding=UTF-8 -XX:+ShowCodeDetailsInExceptionMessages AP_BANK_ATM.Signup

Host: Intel(R) Core(TM) i3-4030U CPU @ 1.90GHz, 4 cores, 3G,  Windows 10 , 64 bit Build 19041 (10.0.19041.3636)
Time: Mon Nov 27 15:28:43 2023 India Standard Time elapsed time: 3.529433 seconds (0d 0h 0m 3s)

---------------  T H R E A D  ---------------

Current thread (0x0000026b391b25d0):  JavaThread "C2 CompilerThread1" daemon [_thread_in_native, id=15000, stack(0x0000009479d00000,0x0000009479e00000)]


Current CompileTask:
C2:   3529 1412       4       sun.font.TrueTypeFont::initAllNames (182 bytes)

Stack: [0x0000009479d00000,0x0000009479e00000]
Native frames: (J=compiled Java code, j=interpreted, Vv=VM code, C=native code)
V  [jvm.dll+0x67754a]
V  [jvm.dll+0x834304]
V  [jvm.dll+0x835aae]
V  [jvm.dll+0x836113]
V  [jvm.dll+0x24696f]
V  [jvm.dll+0xac2cc]
V  [jvm.dll+0xac67c]
V  [jvm.dll+0x11e7b8]
V  [jvm.dll+0x6a0c59]
V  [jvm.dll+0x1bceb4]
V  [jvm.dll+0x219799]
V  [jvm.dll+0x218a61]
V  [jvm.dll+0x1a4d8d]
V  [jvm.dll+0x2284da]
V  [jvm.dll+0x226615]
V  [jvm.dll+0x7ea90b]
V  [jvm.dll+0x7e4e7a]
V  [jvm.dll+0x676395]
C  [ucrtbase.dll+0x21bb2]
C  [KERNEL32.DLL+0x17344]
C  [ntdll.dll+0x526b1]


---------------  P R O C E S S  ---------------

Threads class SMR info:
_java_thread_list=0x0000026b39576350, length=19, elements={
0x0000026b343e5f80, 0x0000026b343e7a90, 0x0000026b344078e0, 0x0000026b3440b3b0,
0x0000026b3440c500, 0x0000026b34441680, 0x0000026b34442270, 0x0000026b345b0040,
0x0000026b345ccce0, 0x0000026b346b3bf0, 0x0000026b346d6430, 0x0000026b39047b80,
0x0000026b390523e0, 0x0000026b3904eb20, 0x0000026b390a3cb0, 0x0000026b397fc5c0,
0x0000026b397fca90, 0x0000026b391b25d0, 0x0000026b397fd430
}

Java Threads: ( => current thread )
  0x0000026b343e5f80 JavaThread "Reference Handler" daemon [_thread_blocked, id=18780, stack(0x0000009478400000,0x0000009478500000)]
  0x0000026b343e7a90 JavaThread "Finalizer" daemon [_thread_blocked, id=18700, stack(0x0000009478500000,0x0000009478600000)]
  0x0000026b344078e0 JavaThread "Signal Dispatcher" daemon [_thread_blocked, id=19284, stack(0x0000009478600000,0x0000009478700000)]
  0x0000026b3440b3b0 JavaThread "Attach Listener" daemon [_thread_blocked, id=18672, stack(0x0000009478700000,0x0000009478800000)]
  0x0000026b3440c500 JavaThread "Service Thread" daemon [_thread_blocked, id=16048, stack(0x0000009478800000,0x0000009478900000)]
  0x0000026b34441680 JavaThread "Monitor Deflation Thread" daemon [_thread_blocked, id=16556, stack(0x0000009478900000,0x0000009478a00000)]
  0x0000026b34442270 JavaThread "C2 CompilerThread0" daemon [_thread_blocked, id=13796, stack(0x0000009478a00000,0x0000009478b00000)]
  0x0000026b345b0040 JavaThread "C1 CompilerThread0" daemon [_thread_blocked, id=14460, stack(0x0000009478b00000,0x0000009478c00000)]
  0x0000026b345ccce0 JavaThread "Sweeper thread" daemon [_thread_blocked, id=13652, stack(0x0000009478c00000,0x0000009478d00000)]
  0x0000026b346b3bf0 JavaThread "Notification Thread" daemon [_thread_blocked, id=13720, stack(0x0000009478d00000,0x0000009478e00000)]
  0x0000026b346d6430 JavaThread "Common-Cleaner" daemon [_thread_blocked, id=11024, stack(0x0000009478f00000,0x0000009479000000)]
  0x0000026b39047b80 JavaThread "Java2D Disposer" daemon [_thread_blocked, id=5336, stack(0x0000009479000000,0x0000009479100000)]
  0x0000026b390523e0 JavaThread "AWT-Shutdown" [_thread_blocked, id=10664, stack(0x0000009479100000,0x0000009479200000)]
  0x0000026b3904eb20 JavaThread "AWT-Windows" daemon [_thread_in_native, id=14488, stack(0x0000009479200000,0x0000009479300000)]
  0x0000026b390a3cb0 JavaThread "Image Fetcher 0" daemon [_thread_blocked, id=4608, stack(0x0000009479300000,0x0000009479400000)]
  0x0000026b397fc5c0 JavaThread "AWT-EventQueue-0" [_thread_blocked, id=19136, stack(0x0000009479500000,0x0000009479600000)]
  0x0000026b397fca90 JavaThread "DestroyJavaVM" [_thread_blocked, id=18616, stack(0x0000009477d00000,0x0000009477e00000)]
=>0x0000026b391b25d0 JavaThread "C2 CompilerThread1" daemon [_thread_in_native, id=15000, stack(0x0000009479d00000,0x0000009479e00000)]
  0x0000026b397fd430 JavaThread "TimerQueue" daemon [_thread_blocked, id=13432, stack(0x0000009479e00000,0x0000009479f00000)]

Other Threads:
  0x0000026b343fe400 VMThread "VM Thread" [stack: 0x0000009478300000,0x0000009478400000] [id=18684]
  0x0000026b346ba0e0 WatcherThread [stack: 0x0000009478e00000,0x0000009478f00000] [id=5104]
  0x0000026b1d368520 GCTaskThread "GC Thread#0" [stack: 0x0000009477e00000,0x0000009477f00000] [id=16924]
  0x0000026b39680610 GCTaskThread "GC Thread#1" [stack: 0x0000009479800000,0x0000009479900000] [id=17584]
  0x0000026b39585100 GCTaskThread "GC Thread#2" [stack: 0x0000009479900000,0x0000009479a00000] [id=10772]
  0x0000026b395853b0 GCTaskThread "GC Thread#3" [stack: 0x0000009479a00000,0x0000009479b00000] [id=1268]
  0x0000026b1d3711a0 ConcurrentGCThread "G1 Main Marker" [stack: 0x0000009477f00000,0x0000009478000000] [id=1048]
  0x0000026b1d372c30 ConcurrentGCThread "G1 Conc#0" [stack: 0x0000009478000000,0x0000009478100000] [id=13736]
  0x0000026b1d3c0790 ConcurrentGCThread "G1 Refine#0" [stack: 0x0000009478100000,0x0000009478200000] [id=18676]
  0x0000026b3975b6d0 ConcurrentGCThread "G1 Refine#1" [stack: 0x0000009479b00000,0x0000009479c00000] [id=8836]
  0x0000026b39587280 ConcurrentGCThread "G1 Refine#2" [stack: 0x0000009479c00000,0x0000009479d00000] [id=19100]
  0x0000026b1d3c11b0 ConcurrentGCThread "G1 Service" [stack: 0x0000009478200000,0x0000009478300000] [id=4852]

Threads with active compile tasks:
C2 CompilerThread1     3644 1412       4       sun.font.TrueTypeFont::initAllNames (182 bytes)

VM state: not at safepoint (normal execution)

VM Mutex/Monitor currently owned by a thread: None

Heap address: 0x00000000c1600000, size: 1002 MB, Compressed Oops mode: 32-bit

CDS archive(s) not mapped
Compressed class space mapped at: 0x0000000100000000-0x0000000140000000, reserved size: 1073741824
Narrow klass base: 0x0000000000000000, Narrow klass shift: 3, Narrow klass range: 0x140000000

GC Precious Log:
 CPUs: 4 total, 4 available
 Memory: 4001M
 Large Page Support: Disabled
 NUMA Support: Disabled
 Compressed Oops: Enabled (32-bit)
 Heap Region Size: 1M
 Heap Min Capacity: 8M
 Heap Initial Capacity: 64M
 Heap Max Capacity: 1002M
 Pre-touch: Disabled
 Parallel Workers: 4
 Concurrent Workers: 1
 Concurrent Refinement Workers: 4
 Periodic GC: Disabled

Heap:
 garbage-first heap   total 65536K, used 9907K [0x00000000c1600000, 0x0000000100000000)
  region size 1024K, 2 young (2048K), 1 survivors (1024K)
 Metaspace       used 18051K, committed 18240K, reserved 1114112K
  class space    used 1942K, committed 2048K, reserved 1048576K

Heap Regions: E=young(eden), S=young(survivor), O=old, HS=humongous(starts), HC=humongous(continues), CS=collection set, F=free, OA=open archive, CA=closed archive, TAMS=top-at-mark-start (previous, next)
|   0|0x00000000c1600000, 0x00000000c1700000, 0x00000000c1700000|100%|HS|  |TAMS 0x00000000c1600000, 0x00000000c1600000| Complete 
|   1|0x00000000c1700000, 0x00000000c1800000, 0x00000000c1800000|100%|HC|  |TAMS 0x00000000c1700000, 0x00000000c1700000| Complete 
|   2|0x00000000c1800000, 0x00000000c1900000, 0x00000000c1900000|100%|HS|  |TAMS 0x00000000c1800000, 0x00000000c1800000| Complete 
|   3|0x00000000c1900000, 0x00000000c1a00000, 0x00000000c1a00000|100%|HC|  |TAMS 0x00000000c1900000, 0x00000000c1900000| Complete 
|   4|0x00000000c1a00000, 0x00000000c1b00000, 0x00000000c1b00000|100%|HC|  |TAMS 0x00000000c1a00000, 0x00000000c1a00000| Complete 
|   5|0x00000000c1b00000, 0x00000000c1c00000, 0x00000000c1c00000|100%| O|  |TAMS 0x00000000c1b00000, 0x00000000c1b00000| Untracked 
|   6|0x00000000c1c00000, 0x00000000c1d00000, 0x00000000c1d00000|100%| O|  |TAMS 0x00000000c1c00000, 0x00000000c1c00000| Untracked 
|   7|0x00000000c1d00000, 0x00000000c1e00000, 0x00000000c1e00000|100%| O|  |TAMS 0x00000000c1d00000, 0x00000000c1d00000| Untracked 
|   8|0x00000000c1e00000, 0x00000000c1ebac00, 0x00000000c1f00000| 72%| O|  |TAMS 0x00000000c1e00000, 0x00000000c1e00000| Untracked 
|   9|0x00000000c1f00000, 0x00000000c1f00000, 0x00000000c2000000|  0%| F|  |TAMS 0x00000000c1f00000, 0x00000000c1f00000| Untracked 
|  10|0x00000000c2000000, 0x00000000c2000000, 0x00000000c2100000|  0%| F|  |TAMS 0x00000000c2000000, 0x00000000c2000000| Untracked 
|  11|0x00000000c2100000, 0x00000000c2100000, 0x00000000c2200000|  0%| F|  |TAMS 0x00000000c2100000, 0x00000000c2100000| Untracked 
|  12|0x00000000c2200000, 0x00000000c2200000, 0x00000000c2300000|  0%| F|  |TAMS 0x00000000c2200000, 0x00000000c2200000| Untracked 
|  13|0x00000000c2300000, 0x00000000c2300000, 0x00000000c2400000|  0%| F|  |TAMS 0x00000000c2300000, 0x00000000c2300000| Untracked 
|  14|0x00000000c2400000, 0x00000000c2400000, 0x00000000c2500000|  0%| F|  |TAMS 0x00000000c2400000, 0x00000000c2400000| Untracked 
|  15|0x00000000c2500000, 0x00000000c2500000, 0x00000000c2600000|  0%| F|  |TAMS 0x00000000c2500000, 0x00000000c2500000| Untracked 
|  16|0x00000000c2600000, 0x00000000c2600000, 0x00000000c2700000|  0%| F|  |TAMS 0x00000000c2600000, 0x00000000c2600000| Untracked 
|  17|0x00000000c2700000, 0x00000000c2700000, 0x00000000c2800000|  0%| F|  |TAMS 0x00000000c2700000, 0x00000000c2700000| Untracked 
|  18|0x00000000c2800000, 0x00000000c2800000, 0x00000000c2900000|  0%| F|  |TAMS 0x00000000c2800000, 0x00000000c2800000| Untracked 
|  19|0x00000000c2900000, 0x00000000c2900000, 0x00000000c2a00000|  0%| F|  |TAMS 0x00000000c2900000, 0x00000000c2900000| Untracked 
|  20|0x00000000c2a00000, 0x00000000c2a00000, 0x00000000c2b00000|  0%| F|  |TAMS 0x00000000c2a00000, 0x00000000c2a00000| Untracked 
|  21|0x00000000c2b00000, 0x00000000c2b00000, 0x00000000c2c00000|  0%| F|  |TAMS 0x00000000c2b00000, 0x00000000c2b00000| Untracked 
|  22|0x00000000c2c00000, 0x00000000c2c00000, 0x00000000c2d00000|  0%| F|  |TAMS 0x00000000c2c00000, 0x00000000c2c00000| Untracked 
|  23|0x00000000c2d00000, 0x00000000c2d00000, 0x00000000c2e00000|  0%| F|  |TAMS 0x00000000c2d00000, 0x00000000c2d00000| Untracked 
|  24|0x00000000c2e00000, 0x00000000c2e00000, 0x00000000c2f00000|  0%| F|  |TAMS 0x00000000c2e00000, 0x00000000c2e00000| Untracked 
|  25|0x00000000c2f00000, 0x00000000c2f00000, 0x00000000c3000000|  0%| F|  |TAMS 0x00000000c2f00000, 0x00000000c2f00000| Untracked 
|  26|0x00000000c3000000, 0x00000000c3000000, 0x00000000c3100000|  0%| F|  |TAMS 0x00000000c3000000, 0x00000000c3000000| Untracked 
|  27|0x00000000c3100000, 0x00000000c3100000, 0x00000000c3200000|  0%| F|  |TAMS 0x00000000c3100000, 0x00000000c3100000| Untracked 
|  28|0x00000000c3200000, 0x00000000c3200000, 0x00000000c3300000|  0%| F|  |TAMS 0x00000000c3200000, 0x00000000c3200000| Untracked 
|  29|0x00000000c3300000, 0x00000000c3300000, 0x00000000c3400000|  0%| F|  |TAMS 0x00000000c3300000, 0x00000000c3300000| Untracked 
|  30|0x00000000c3400000, 0x00000000c3400000, 0x00000000c3500000|  0%| F|  |TAMS 0x00000000c3400000, 0x00000000c3400000| Untracked 
|  31|0x00000000c3500000, 0x00000000c3500000, 0x00000000c3600000|  0%| F|  |TAMS 0x00000000c3500000, 0x00000000c3500000| Untracked 
|  32|0x00000000c3600000, 0x00000000c3600000, 0x00000000c3700000|  0%| F|  |TAMS 0x00000000c3600000, 0x00000000c3600000| Untracked 
|  33|0x00000000c3700000, 0x00000000c3700000, 0x00000000c3800000|  0%| F|  |TAMS 0x00000000c3700000, 0x00000000c3700000| Untracked 
|  34|0x00000000c3800000, 0x00000000c3800000, 0x00000000c3900000|  0%| F|  |TAMS 0x00000000c3800000, 0x00000000c3800000| Untracked 
|  35|0x00000000c3900000, 0x00000000c3900000, 0x00000000c3a00000|  0%| F|  |TAMS 0x00000000c3900000, 0x00000000c3900000| Untracked 
|  36|0x00000000c3a00000, 0x00000000c3a00000, 0x00000000c3b00000|  0%| F|  |TAMS 0x00000000c3a00000, 0x00000000c3a00000| Untracked 
|  37|0x00000000c3b00000, 0x00000000c3b00000, 0x00000000c3c00000|  0%| F|  |TAMS 0x00000000c3b00000, 0x00000000c3b00000| Untracked 
|  38|0x00000000c3c00000, 0x00000000c3c00000, 0x00000000c3d00000|  0%| F|  |TAMS 0x00000000c3c00000, 0x00000000c3c00000| Untracked 
|  39|0x00000000c3d00000, 0x00000000c3d00000, 0x00000000c3e00000|  0%| F|  |TAMS 0x00000000c3d00000, 0x00000000c3d00000| Untracked 
|  40|0x00000000c3e00000, 0x00000000c3e00000, 0x00000000c3f00000|  0%| F|  |TAMS 0x00000000c3e00000, 0x00000000c3e00000| Untracked 
|  41|0x00000000c3f00000, 0x00000000c3f00000, 0x00000000c4000000|  0%| F|  |TAMS 0x00000000c3f00000, 0x00000000c3f00000| Untracked 
|  42|0x00000000c4000000, 0x00000000c4000000, 0x00000000c4100000|  0%| F|  |TAMS 0x00000000c4000000, 0x00000000c4000000| Untracked 
|  43|0x00000000c4100000, 0x00000000c4100000, 0x00000000c4200000|  0%| F|  |TAMS 0x00000000c4100000, 0x00000000c4100000| Untracked 
|  44|0x00000000c4200000, 0x00000000c4200000, 0x00000000c4300000|  0%| F|  |TAMS 0x00000000c4200000, 0x00000000c4200000| Untracked 
|  45|0x00000000c4300000, 0x00000000c4300000, 0x00000000c4400000|  0%| F|  |TAMS 0x00000000c4300000, 0x00000000c4300000| Untracked 
|  46|0x00000000c4400000, 0x00000000c4400000, 0x00000000c4500000|  0%| F|  |TAMS 0x00000000c4400000, 0x00000000c4400000| Untracked 
|  47|0x00000000c4500000, 0x00000000c4500000, 0x00000000c4600000|  0%| F|  |TAMS 0x00000000c4500000, 0x00000000c4500000| Untracked 
|  48|0x00000000c4600000, 0x00000000c4600000, 0x00000000c4700000|  0%| F|  |TAMS 0x00000000c4600000, 0x00000000c4600000| Untracked 
|  49|0x00000000c4700000, 0x00000000c4700000, 0x00000000c4800000|  0%| F|  |TAMS 0x00000000c4700000, 0x00000000c4700000| Untracked 
|  50|0x00000000c4800000, 0x00000000c4800000, 0x00000000c4900000|  0%| F|  |TAMS 0x00000000c4800000, 0x00000000c4800000| Untracked 
|  51|0x00000000c4900000, 0x00000000c4900000, 0x00000000c4a00000|  0%| F|  |TAMS 0x00000000c4900000, 0x00000000c4900000| Untracked 
|  52|0x00000000c4a00000, 0x00000000c4a00000, 0x00000000c4b00000|  0%| F|  |TAMS 0x00000000c4a00000, 0x00000000c4a00000| Untracked 
|  53|0x00000000c4b00000, 0x00000000c4b00000, 0x00000000c4c00000|  0%| F|  |TAMS 0x00000000c4b00000, 0x00000000c4b00000| Untracked 
|  54|0x00000000c4c00000, 0x00000000c4cf22b0, 0x00000000c4d00000| 94%| S|CS|TAMS 0x00000000c4c00000, 0x00000000c4c00000| Complete 
|  55|0x00000000c4d00000, 0x00000000c4d00000, 0x00000000c4e00000|  0%| F|  |TAMS 0x00000000c4d00000, 0x00000000c4d00000| Untracked 
|  56|0x00000000c4e00000, 0x00000000c4e00000, 0x00000000c4f00000|  0%| F|  |TAMS 0x00000000c4e00000, 0x00000000c4e00000| Untracked 
|  57|0x00000000c4f00000, 0x00000000c4f00000, 0x00000000c5000000|  0%| F|  |TAMS 0x00000000c4f00000, 0x00000000c4f00000| Untracked 
|  58|0x00000000c5000000, 0x00000000c5000000, 0x00000000c5100000|  0%| F|  |TAMS 0x00000000c5000000, 0x00000000c5000000| Untracked 
|  59|0x00000000c5100000, 0x00000000c5100000, 0x00000000c5200000|  0%| F|  |TAMS 0x00000000c5100000, 0x00000000c5100000| Untracked 
|  60|0x00000000c5200000, 0x00000000c5200000, 0x00000000c5300000|  0%| F|  |TAMS 0x00000000c5200000, 0x00000000c5200000| Untracked 
|  61|0x00000000c5300000, 0x00000000c5300000, 0x00000000c5400000|  0%| F|  |TAMS 0x00000000c5300000, 0x00000000c5300000| Untracked 
|  62|0x00000000c5400000, 0x00000000c5400000, 0x00000000c5500000|  0%| F|  |TAMS 0x00000000c5400000, 0x00000000c5400000| Untracked 
|  63|0x00000000c5500000, 0x00000000c55b9510, 0x00000000c5600000| 72%| E|  |TAMS 0x00000000c5500000, 0x00000000c5500000| Complete 

Card table byte_map: [0x0000026b2fbf0000,0x0000026b2fdf0000] _byte_map_base: 0x0000026b2f5e5000

Marking Bits (Prev, Next): (CMBitMap*) 0x0000026b1d368b30, (CMBitMap*) 0x0000026b1d368b70
 Prev Bits: [0x0000026b2fff0000, 0x0000026b30f98000)
 Next Bits: [0x0000026b30fa0000, 0x0000026b31f48000)

Polling page: 0x0000026b1b160000

Metaspace:

Usage:
  Non-class:     15.73 MB used.
      Class:      1.90 MB used.
       Both:     17.63 MB used.

Virtual space:
  Non-class space:       64.00 MB reserved,      15.81 MB ( 25%) committed,  1 nodes.
      Class space:        1.00 GB reserved,       2.00 MB ( <1%) committed,  1 nodes.
             Both:        1.06 GB reserved,      17.81 MB (  2%) committed. 

Chunk freelists:
   Non-Class:  233.00 KB
       Class:  14.04 MB
        Both:  14.26 MB

MaxMetaspaceSize: unlimited
CompressedClassSpaceSize: 1.00 GB
Initial GC threshold: 21.00 MB
Current GC threshold: 21.00 MB
CDS: off
MetaspaceReclaimPolicy: balanced
 - commit_granule_bytes: 65536.
 - commit_granule_words: 8192.
 - virtual_space_node_default_size: 8388608.
 - enlarge_chunks_in_place: 1.
 - new_chunks_are_fully_committed: 0.
 - uncommit_free_chunks: 1.
 - use_allocation_guard: 0.
 - handle_deallocations: 1.


Internal statistics:

num_allocs_failed_limit: 0.
num_arena_births: 122.
num_arena_deaths: 0.
num_vsnodes_births: 2.
num_vsnodes_deaths: 0.
num_space_committed: 285.
num_space_uncommitted: 0.
num_chunks_returned_to_freelist: 0.
num_chunks_taken_from_freelist: 211.
num_chunk_merges: 0.
num_chunk_splits: 111.
num_chunks_enlarged: 56.
num_inconsistent_stats: 0.

CodeHeap 'non-profiled nmethods': size=120000Kb used=519Kb max_used=519Kb free=119480Kb
 bounds [0x0000026b284c0000, 0x0000026b28730000, 0x0000026b2f9f0000]
CodeHeap 'profiled nmethods': size=120000Kb used=2562Kb max_used=2562Kb free=117437Kb
 bounds [0x0000026b209f0000, 0x0000026b20c80000, 0x0000026b27f20000]
CodeHeap 'non-nmethods': size=5760Kb used=1291Kb max_used=1316Kb free=4468Kb
 bounds [0x0000026b27f20000, 0x0000026b28190000, 0x0000026b284c0000]
 total_blobs=2083 nmethods=1461 adapters=535
 compilation: enabled
              stopped_count=0, restarted_count=0
 full_count=0

Compilation events (20 events):
Event: 3.408 Thread 0x0000026b345b0040 nmethod 1437 0x0000026b20c64810 code [0x0000026b20c64a20, 0x0000026b20c64fb8]
Event: 3.408 Thread 0x0000026b345b0040 1438       3       sun.font.FileFontStrike::getCachedGlyphPtrInternal (120 bytes)
Event: 3.408 Thread 0x0000026b345b0040 nmethod 1438 0x0000026b20c65210 code [0x0000026b20c65400, 0x0000026b20c658b8]
Event: 3.410 Thread 0x0000026b345b0040 1439       3       java.awt.font.FontRenderContext::equals (127 bytes)
Event: 3.412 Thread 0x0000026b345b0040 nmethod 1439 0x0000026b20c65b10 code [0x0000026b20c65e00, 0x0000026b20c66ff8]
Event: 3.412 Thread 0x0000026b345b0040 1440   !   3       sun.font.TrueTypeFont::readBlock (371 bytes)
Event: 3.417 Thread 0x0000026b345b0040 nmethod 1440 0x0000026b20c67390 code [0x0000026b20c67820, 0x0000026b20c69bd8]
Event: 3.418 Thread 0x0000026b345b0040 1441       1       java.awt.RenderingHints$Key::intKey (5 bytes)
Event: 3.418 Thread 0x0000026b345b0040 nmethod 1441 0x0000026b28539510 code [0x0000026b285396a0, 0x0000026b28539778]
Event: 3.431 Thread 0x0000026b345b0040 1442       3       sun.font.CompositeGlyphMapper::getCachedGlyphCode (32 bytes)
Event: 3.432 Thread 0x0000026b345b0040 nmethod 1442 0x0000026b20c6ad90 code [0x0000026b20c6af40, 0x0000026b20c6b178]
Event: 3.434 Thread 0x0000026b345b0040 1443       3       java.awt.geom.Point2D::<init> (5 bytes)
Event: 3.434 Thread 0x0000026b345b0040 nmethod 1443 0x0000026b20c6b290 code [0x0000026b20c6b420, 0x0000026b20c6b578]
Event: 3.440 Thread 0x0000026b34442270 1444   !   4       sun.nio.ch.FileChannelImpl::read (266 bytes)
Event: 3.455 Thread 0x0000026b345b0040 1446       1       java.awt.Component::getX (5 bytes)
Event: 3.455 Thread 0x0000026b345b0040 nmethod 1446 0x0000026b28539810 code [0x0000026b285399a0, 0x0000026b28539a78]
Event: 3.455 Thread 0x0000026b345b0040 1447       1       java.awt.Component::getY (5 bytes)
Event: 3.455 Thread 0x0000026b345b0040 nmethod 1447 0x0000026b28539b10 code [0x0000026b28539ca0, 0x0000026b28539d78]
Event: 3.460 Thread 0x0000026b345b0040 1448   !   3       sun.awt.PostEventQueue::flush (168 bytes)
Event: 3.464 Thread 0x0000026b345b0040 nmethod 1448 0x0000026b20c6b610 code [0x0000026b20c6b8c0, 0x0000026b20c6c5e8]

GC Heap History (4 events):
Event: 2.815 GC heap before
{Heap before GC invocations=0 (full 0):
 garbage-first heap   total 65536K, used 18432K [0x00000000c1600000, 0x0000000100000000)
  region size 1024K, 13 young (13312K), 0 survivors (0K)
 Metaspace       used 17541K, committed 17728K, reserved 1114112K
  class space    used 1903K, committed 1984K, reserved 1048576K
}
Event: 2.830 GC heap after
{Heap after GC invocations=1 (full 0):
 garbage-first heap   total 65536K, used 8937K [0x00000000c1600000, 0x0000000100000000)
  region size 1024K, 2 young (2048K), 2 survivors (2048K)
 Metaspace       used 17541K, committed 17728K, reserved 1114112K
  class space    used 1903K, committed 1984K, reserved 1048576K
}
Event: 3.154 GC heap before
{Heap before GC invocations=1 (full 0):
 garbage-first heap   total 65536K, used 18153K [0x00000000c1600000, 0x0000000100000000)
  region size 1024K, 11 young (11264K), 2 survivors (2048K)
 Metaspace       used 17609K, committed 17792K, reserved 1114112K
  class space    used 1904K, committed 1984K, reserved 1048576K
}
Event: 3.169 GC heap after
{Heap after GC invocations=2 (full 0):
 garbage-first heap   total 65536K, used 9907K [0x00000000c1600000, 0x0000000100000000)
  region size 1024K, 1 young (1024K), 1 survivors (1024K)
 Metaspace       used 17609K, committed 17792K, reserved 1114112K
  class space    used 1904K, committed 1984K, reserved 1048576K
}

Dll operation events (9 events):
Event: 0.021 Loaded shared library C:\Users\DELL\.p2\pool\plugins\org.eclipse.justj.openjdk.hotspot.jre.full.win32.x86_64_17.0.7.v20230425-1502\jre\bin\java.dll
Event: 0.680 Loaded shared library C:\Users\DELL\.p2\pool\plugins\org.eclipse.justj.openjdk.hotspot.jre.full.win32.x86_64_17.0.7.v20230425-1502\jre\bin\net.dll
Event: 0.683 Loaded shared library C:\Users\DELL\.p2\pool\plugins\org.eclipse.justj.openjdk.hotspot.jre.full.win32.x86_64_17.0.7.v20230425-1502\jre\bin\nio.dll
Event: 0.696 Loaded shared library C:\Users\DELL\.p2\pool\plugins\org.eclipse.justj.openjdk.hotspot.jre.full.win32.x86_64_17.0.7.v20230425-1502\jre\bin\zip.dll
Event: 0.730 Loaded shared library C:\Users\DELL\.p2\pool\plugins\org.eclipse.justj.openjdk.hotspot.jre.full.win32.x86_64_17.0.7.v20230425-1502\jre\bin\jimage.dll
Event: 0.827 Loaded shared library C:\Users\DELL\.p2\pool\plugins\org.eclipse.justj.openjdk.hotspot.jre.full.win32.x86_64_17.0.7.v20230425-1502\jre\bin\awt.dll
Event: 1.784 Loaded shared library C:\Users\DELL\.p2\pool\plugins\org.eclipse.justj.openjdk.hotspot.jre.full.win32.x86_64_17.0.7.v20230425-1502\jre\bin\verify.dll
Event: 1.926 Loaded shared library C:\Users\DELL\.p2\pool\plugins\org.eclipse.justj.openjdk.hotspot.jre.full.win32.x86_64_17.0.7.v20230425-1502\jre\bin\freetype.dll
Event: 1.932 Loaded shared library C:\Users\DELL\.p2\pool\plugins\org.eclipse.justj.openjdk.hotspot.jre.full.win32.x86_64_17.0.7.v20230425-1502\jre\bin\fontmanager.dll

Deoptimization events (20 events):
Event: 3.006 Thread 0x0000026b397fc5c0 Uncommon trap: trap_request=0xffffff45 fr.pc=0x0000026b284c8434 relative=0x00000000000001b4
Event: 3.006 Thread 0x0000026b397fc5c0 Uncommon trap: reason=unstable_if action=reinterpret pc=0x0000026b284c8434 method=java.lang.String.hashCode()I @ 20 c2
Event: 3.006 Thread 0x0000026b397fc5c0 DEOPT PACKING pc=0x0000026b284c8434 sp=0x00000094795fd4d0
Event: 3.006 Thread 0x0000026b397fc5c0 DEOPT UNPACKING pc=0x0000026b27f769a3 sp=0x00000094795fd460 mode 2
Event: 3.011 Thread 0x0000026b397fc5c0 Uncommon trap: trap_request=0xffffff45 fr.pc=0x0000026b284f845c relative=0x000000000000085c
Event: 3.011 Thread 0x0000026b397fc5c0 Uncommon trap: reason=unstable_if action=reinterpret pc=0x0000026b284f845c method=java.util.HashMap.putVal(ILjava/lang/Object;Ljava/lang/Object;ZZ)Ljava/lang/Object; @ 181 c2
Event: 3.011 Thread 0x0000026b397fc5c0 DEOPT PACKING pc=0x0000026b284f845c sp=0x00000094795fd500
Event: 3.011 Thread 0x0000026b397fc5c0 DEOPT UNPACKING pc=0x0000026b27f769a3 sp=0x00000094795fd490 mode 2
Event: 3.031 Thread 0x0000026b397fc5c0 Uncommon trap: trap_request=0xffffff45 fr.pc=0x0000026b28527c3c relative=0x00000000000003fc
Event: 3.031 Thread 0x0000026b397fc5c0 Uncommon trap: reason=unstable_if action=reinterpret pc=0x0000026b28527c3c method=java.lang.Character.isSurrogate(C)Z @ 3 c2
Event: 3.031 Thread 0x0000026b397fc5c0 DEOPT PACKING pc=0x0000026b28527c3c sp=0x00000094795fd150
Event: 3.031 Thread 0x0000026b397fc5c0 DEOPT UNPACKING pc=0x0000026b27f769a3 sp=0x00000094795fd078 mode 2
Event: 3.173 Thread 0x0000026b397fc5c0 Uncommon trap: trap_request=0xffffff45 fr.pc=0x0000026b284fd7d8 relative=0x00000000000000d8
Event: 3.173 Thread 0x0000026b397fc5c0 Uncommon trap: reason=unstable_if action=reinterpret pc=0x0000026b284fd7d8 method=java.lang.ref.SoftReference.get()Ljava/lang/Object; @ 17 c2
Event: 3.173 Thread 0x0000026b397fc5c0 DEOPT PACKING pc=0x0000026b284fd7d8 sp=0x00000094795fd990
Event: 3.173 Thread 0x0000026b397fc5c0 DEOPT UNPACKING pc=0x0000026b27f769a3 sp=0x00000094795fd948 mode 2
Event: 3.494 Thread 0x0000026b397fc5c0 Uncommon trap: trap_request=0xffffff45 fr.pc=0x0000026b28503734 relative=0x0000000000002e34
Event: 3.494 Thread 0x0000026b397fc5c0 Uncommon trap: reason=unstable_if action=reinterpret pc=0x0000026b28503734 method=java.lang.ref.SoftReference.get()Ljava/lang/Object; @ 17 c2
Event: 3.494 Thread 0x0000026b397fc5c0 DEOPT PACKING pc=0x0000026b28503734 sp=0x00000094795fe2b0
Event: 3.494 Thread 0x0000026b397fc5c0 DEOPT UNPACKING pc=0x0000026b27f769a3 sp=0x00000094795fe028 mode 2

Classes unloaded (0 events):
No events

Classes redefined (0 events):
No events

Internal exceptions (13 events):
Event: 0.792 Thread 0x0000026b1d32d060 Exception <a 'java/lang/ClassNotFoundException'{0x00000000c5450130}: sun/awt/resources/spi/awtProvider> (0x00000000c5450130) 
thrown [s\src\hotspot\share\classfile\systemDictionary.cpp, line 256]
Event: 0.887 Thread 0x0000026b1d32d060 Exception <a 'java/io/FileNotFoundException'{0x00000000c54a9dd0}> (0x00000000c54a9dd0) 
thrown [s\src\hotspot\share\prims\jni.cpp, line 516]
Event: 0.911 Thread 0x0000026b1d32d060 Exception <a 'java/io/FileNotFoundException'{0x00000000c54d7078}> (0x00000000c54d7078) 
thrown [s\src\hotspot\share\prims\jni.cpp, line 516]
Event: 1.025 Thread 0x0000026b1d32d060 Exception <a 'java/lang/NoSuchMethodError'{0x00000000c5328178}: 'java.lang.Object java.lang.invoke.DirectMethodHandle$Holder.invokeStaticInit(java.lang.Object)'> (0x00000000c5328178) 
thrown [s\src\hotspot\share\interpreter\linkResolver.cpp, line 759]
Event: 1.109 Thread 0x0000026b1d32d060 Exception <a 'java/lang/NoSuchMethodError'{0x00000000c53b4840}: 'void java.lang.invoke.DirectMethodHandle$Holder.invokeSpecial(java.lang.Object, java.lang.Object, java.lang.Object)'> (0x00000000c53b4840) 
thrown [s\src\hotspot\share\interpreter\linkResolver.cpp, line 759]
Event: 1.130 Thread 0x0000026b1d32d060 Exception <a 'java/lang/NoSuchMethodError'{0x00000000c53dec98}: 'java.lang.Object java.lang.invoke.DirectMethodHandle$Holder.newInvokeSpecial(java.lang.Object, java.lang.Object, java.lang.Object, java.lang.Object, java.lang.Object)'> (0x00000000c53dec98) 
thrown [s\src\hotspot\share\interpreter\linkResolver.cpp, line 759]
Event: 1.136 Thread 0x0000026b1d32d060 Exception <a 'java/lang/NoSuchMethodError'{0x00000000c53ea660}: 'java.lang.Object java.lang.invoke.DirectMethodHandle$Holder.invokeStatic(java.lang.Object, int, java.lang.Object, java.lang.Object, java.lang.Object, java.lang.Object)'> (0x00000000c53ea660) 
thrown [s\src\hotspot\share\interpreter\linkResolver.cpp, line 759]
Event: 1.146 Thread 0x0000026b1d32d060 Exception <a 'java/lang/NoSuchMethodError'{0x00000000c5210338}: 'java.lang.Object java.lang.invoke.DirectMethodHandle$Holder.invokeStatic(java.lang.Object, int, java.lang.Object)'> (0x00000000c5210338) 
thrown [s\src\hotspot\share\interpreter\linkResolver.cpp, line 759]
Event: 1.213 Thread 0x0000026b1d32d060 Exception <a 'java/lang/ClassNotFoundException'{0x00000000c52c7f30}: com/sun/swing/internal/plaf/metal/resources/spi/metalProvider> (0x00000000c52c7f30) 
thrown [s\src\hotspot\share\classfile\systemDictionary.cpp, line 256]
Event: 1.216 Thread 0x0000026b1d32d060 Exception <a 'java/lang/ClassNotFoundException'{0x00000000c52cbfd0}: com/sun/swing/internal/plaf/basic/resources/spi/basicProvider> (0x00000000c52cbfd0) 
thrown [s\src\hotspot\share\classfile\systemDictionary.cpp, line 256]
Event: 1.482 Thread 0x0000026b390a3cb0 Exception <a 'java/lang/NoSuchMethodError'{0x00000000c50a62e8}: 'java.lang.Object java.lang.invoke.DirectMethodHandle$Holder.newInvokeSpecial(java.lang.Object, java.lang.Object, java.lang.Object, int, int, int, int, int)'> (0x00000000c50a62e8) 
thrown [s\src\hotspot\share\interpreter\linkResolver.cpp, line 759]
Event: 2.299 Thread 0x0000026b3904eb20 Exception <a 'java/lang/NoSuchMethodError'{0x00000000c53526c8}: 'void java.lang.invoke.DirectMethodHandle$Holder.invokeVirtual(java.lang.Object, java.lang.Object)'> (0x00000000c53526c8) 
thrown [s\src\hotspot\share\interpreter\linkResolver.cpp, line 759]
Event: 2.330 Thread 0x0000026b1d32d060 Exception <a 'java/lang/NoSuchMethodError'{0x00000000c4b01a90}: 'void java.lang.invoke.DirectMethodHandle$Holder.invokeStaticInit(java.lang.Object)'> (0x00000000c4b01a90) 
thrown [s\src\hotspot\share\interpreter\linkResolver.cpp, line 759]

VM Operations (20 events):
Event: 1.580 Executing VM operation: HandshakeAllThreads
Event: 1.580 Executing VM operation: HandshakeAllThreads done
Event: 1.580 Executing VM operation: Cleanup
Event: 1.581 Executing VM operation: Cleanup done
Event: 1.748 Executing VM operation: HandshakeAllThreads
Event: 1.748 Executing VM operation: HandshakeAllThreads done
Event: 1.767 Executing VM operation: HandshakeAllThreads
Event: 1.768 Executing VM operation: HandshakeAllThreads done
Event: 2.001 Executing VM operation: HandshakeAllThreads
Event: 2.001 Executing VM operation: HandshakeAllThreads done
Event: 2.264 Executing VM operation: HandshakeAllThreads
Event: 2.264 Executing VM operation: HandshakeAllThreads done
Event: 2.290 Executing VM operation: HandshakeAllThreads
Event: 2.290 Executing VM operation: HandshakeAllThreads done
Event: 2.434 Executing VM operation: HandshakeAllThreads
Event: 2.434 Executing VM operation: HandshakeAllThreads done
Event: 2.814 Executing VM operation: G1CollectForAllocation
Event: 2.831 Executing VM operation: G1CollectForAllocation done
Event: 3.153 Executing VM operation: G1CollectForAllocation
Event: 3.169 Executing VM operation: G1CollectForAllocation done

Events (20 events):
Event: 3.489 loading class java/awt/Container$EventTargetFilter done
Event: 3.489 loading class java/awt/Container$MouseEventTargetFilter done
Event: 3.490 loading class java/awt/LightweightDispatcher$1
Event: 3.490 loading class java/awt/LightweightDispatcher$1 done
Event: 3.490 loading class java/awt/im/InputContext
Event: 3.490 loading class java/awt/im/InputContext done
Event: 3.490 loading class sun/awt/im/InputMethodContext
Event: 3.491 loading class java/awt/im/spi/InputMethodContext
Event: 3.491 loading class java/awt/im/InputMethodRequests
Event: 3.491 loading class java/awt/im/InputMethodRequests done
Event: 3.491 loading class java/awt/im/spi/InputMethodContext done
Event: 3.491 loading class sun/awt/im/InputContext
Event: 3.492 loading class sun/awt/im/InputContext done
Event: 3.492 loading class sun/awt/im/InputMethodContext done
Event: 3.493 loading class sun/awt/windows/WInputMethod
Event: 3.494 loading class sun/awt/im/InputMethodAdapter
Event: 3.494 loading class java/awt/im/spi/InputMethod
Event: 3.494 loading class java/awt/im/spi/InputMethod done
Event: 3.494 loading class sun/awt/im/InputMethodAdapter done
Event: 3.494 loading class sun/awt/windows/WInputMethod done


Dynamic libraries:
0x00007ff6d8980000 - 0x00007ff6d898e000 	C:\Users\DELL\.p2\pool\plugins\org.eclipse.justj.openjdk.hotspot.jre.full.win32.x86_64_17.0.7.v20230425-1502\jre\bin\javaw.exe
0x00007ff8ecdd0000 - 0x00007ff8ecfc8000 	C:\Windows\SYSTEM32\ntdll.dll
0x00007ff8ebca0000 - 0x00007ff8ebd5d000 	C:\Windows\System32\KERNEL32.DLL
0x00007ff8ea850000 - 0x00007ff8eab46000 	C:\Windows\System32\KERNELBASE.dll
0x00007ff8ea750000 - 0x00007ff8ea850000 	C:\Windows\System32\ucrtbase.dll
0x00007ff8e6400000 - 0x00007ff8e6417000 	C:\Users\DELL\.p2\pool\plugins\org.eclipse.justj.openjdk.hotspot.jre.full.win32.x86_64_17.0.7.v20230425-1502\jre\bin\jli.dll
0x00007ff8eae30000 - 0x00007ff8eafce000 	C:\Windows\System32\USER32.dll
0x00007ff8eae00000 - 0x00007ff8eae22000 	C:\Windows\System32\win32u.dll
0x00007ff8ebb20000 - 0x00007ff8ebb4c000 	C:\Windows\System32\GDI32.dll
0x00007ff8ea550000 - 0x00007ff8ea66a000 	C:\Windows\System32\gdi32full.dll
0x00007ff8ea4b0000 - 0x00007ff8ea54d000 	C:\Windows\System32\msvcp_win.dll
0x00007ff8e6330000 - 0x00007ff8e6349000 	C:\Users\DELL\.p2\pool\plugins\org.eclipse.justj.openjdk.hotspot.jre.full.win32.x86_64_17.0.7.v20230425-1502\jre\bin\VCRUNTIME140.dll
0x00007ff8d8300000 - 0x00007ff8d859a000 	C:\Windows\WinSxS\amd64_microsoft.windows.common-controls_6595b64144ccf1df_6.0.19041.3636_none_60b6a03d71f818d5\COMCTL32.dll
0x00007ff8ebee0000 - 0x00007ff8ebf7e000 	C:\Windows\System32\msvcrt.dll
0x00007ff8eb5b0000 - 0x00007ff8eb5e0000 	C:\Windows\System32\IMM32.DLL
0x00007ff8e6320000 - 0x00007ff8e632c000 	C:\Users\DELL\.p2\pool\plugins\org.eclipse.justj.openjdk.hotspot.jre.full.win32.x86_64_17.0.7.v20230425-1502\jre\bin\vcruntime140_1.dll
0x00007ff8d16e0000 - 0x00007ff8d1771000 	C:\Users\DELL\.p2\pool\plugins\org.eclipse.justj.openjdk.hotspot.jre.full.win32.x86_64_17.0.7.v20230425-1502\jre\bin\msvcp140.dll
0x00007ff89c660000 - 0x00007ff89d2a8000 	C:\Users\DELL\.p2\pool\plugins\org.eclipse.justj.openjdk.hotspot.jre.full.win32.x86_64_17.0.7.v20230425-1502\jre\bin\server\jvm.dll
0x00007ff8eb0d0000 - 0x00007ff8eb17f000 	C:\Windows\System32\ADVAPI32.dll
0x00007ff8eba80000 - 0x00007ff8ebb1c000 	C:\Windows\System32\sechost.dll
0x00007ff8ebb50000 - 0x00007ff8ebc76000 	C:\Windows\System32\RPCRT4.dll
0x00007ff8e6200000 - 0x00007ff8e6209000 	C:\Windows\SYSTEM32\WSOCK32.dll
0x00007ff8eafd0000 - 0x00007ff8eb03b000 	C:\Windows\System32\WS2_32.dll
0x00007ff8db820000 - 0x00007ff8db82a000 	C:\Windows\SYSTEM32\VERSION.dll
0x00007ff8e15b0000 - 0x00007ff8e15d7000 	C:\Windows\SYSTEM32\WINMM.dll
0x00007ff8e83c0000 - 0x00007ff8e83d2000 	C:\Windows\SYSTEM32\kernel.appcore.dll
0x00007ff8e5270000 - 0x00007ff8e527a000 	C:\Users\DELL\.p2\pool\plugins\org.eclipse.justj.openjdk.hotspot.jre.full.win32.x86_64_17.0.7.v20230425-1502\jre\bin\jimage.dll
0x00007ff8d29a0000 - 0x00007ff8d2b84000 	C:\Windows\SYSTEM32\DBGHELP.DLL
0x00007ff8d2960000 - 0x00007ff8d2994000 	C:\Windows\SYSTEM32\dbgcore.DLL
0x00007ff8ead00000 - 0x00007ff8ead82000 	C:\Windows\System32\bcryptPrimitives.dll
0x00007ff8d2870000 - 0x00007ff8d2895000 	C:\Users\DELL\.p2\pool\plugins\org.eclipse.justj.openjdk.hotspot.jre.full.win32.x86_64_17.0.7.v20230425-1502\jre\bin\java.dll
0x00007ff8e50a0000 - 0x00007ff8e50b8000 	C:\Users\DELL\.p2\pool\plugins\org.eclipse.justj.openjdk.hotspot.jre.full.win32.x86_64_17.0.7.v20230425-1502\jre\bin\zip.dll
0x00007ff8ec040000 - 0x00007ff8ec784000 	C:\Windows\System32\SHELL32.dll
0x00007ff8e8570000 - 0x00007ff8e8d0b000 	C:\Windows\SYSTEM32\windows.storage.dll
0x00007ff8eb720000 - 0x00007ff8eba74000 	C:\Windows\System32\combase.dll
0x00007ff8e9ef0000 - 0x00007ff8e9f1d000 	C:\Windows\SYSTEM32\Wldp.dll
0x00007ff8eb330000 - 0x00007ff8eb3dd000 	C:\Windows\System32\SHCORE.dll
0x00007ff8eb5e0000 - 0x00007ff8eb635000 	C:\Windows\System32\shlwapi.dll
0x00007ff8ea3e0000 - 0x00007ff8ea405000 	C:\Windows\SYSTEM32\profapi.dll
0x00007ff8e0c10000 - 0x00007ff8e0c29000 	C:\Users\DELL\.p2\pool\plugins\org.eclipse.justj.openjdk.hotspot.jre.full.win32.x86_64_17.0.7.v20230425-1502\jre\bin\net.dll
0x00007ff8e4400000 - 0x00007ff8e450a000 	C:\Windows\SYSTEM32\WINHTTP.dll
0x00007ff8e9c50000 - 0x00007ff8e9cba000 	C:\Windows\system32\mswsock.dll
0x00007ff8e0640000 - 0x00007ff8e0655000 	C:\Users\DELL\.p2\pool\plugins\org.eclipse.justj.openjdk.hotspot.jre.full.win32.x86_64_17.0.7.v20230425-1502\jre\bin\nio.dll
0x00007ff8ca7d0000 - 0x00007ff8ca95e000 	C:\Users\DELL\.p2\pool\plugins\org.eclipse.justj.openjdk.hotspot.jre.full.win32.x86_64_17.0.7.v20230425-1502\jre\bin\awt.dll
0x00007ff8eb650000 - 0x00007ff8eb71d000 	C:\Windows\System32\OLEAUT32.dll
0x00007ff8e7690000 - 0x00007ff8e7720000 	C:\Windows\SYSTEM32\apphelp.dll
0x00007ff8e80e0000 - 0x00007ff8e810f000 	C:\Windows\system32\DWMAPI.DLL
0x00007ff8e77c0000 - 0x00007ff8e785e000 	C:\Windows\system32\uxtheme.dll
0x00007ff8c9580000 - 0x00007ff8c96a5000 	C:\Windows\system32\opengl32.dll
0x00007ff8e08e0000 - 0x00007ff8e090c000 	C:\Windows\SYSTEM32\GLU32.dll
0x00007ff8ebd60000 - 0x00007ff8ebe74000 	C:\Windows\System32\MSCTF.dll
0x00007ff8eb470000 - 0x00007ff8eb59b000 	C:\Windows\System32\ole32.dll
0x00007ff8e5230000 - 0x00007ff8e5240000 	C:\Users\DELL\.p2\pool\plugins\org.eclipse.justj.openjdk.hotspot.jre.full.win32.x86_64_17.0.7.v20230425-1502\jre\bin\verify.dll
0x00007ff8d0c30000 - 0x00007ff8d0cb6000 	C:\Users\DELL\.p2\pool\plugins\org.eclipse.justj.openjdk.hotspot.jre.full.win32.x86_64_17.0.7.v20230425-1502\jre\bin\freetype.dll
0x00007ff8d0b20000 - 0x00007ff8d0be5000 	C:\Users\DELL\.p2\pool\plugins\org.eclipse.justj.openjdk.hotspot.jre.full.win32.x86_64_17.0.7.v20230425-1502\jre\bin\fontmanager.dll
0x00007ff8ecc00000 - 0x00007ff8ecca9000 	C:\Windows\System32\clbcatq.dll
0x00007ff8e1db0000 - 0x00007ff8e1f64000 	C:\Windows\SYSTEM32\WindowsCodecs.dll
0x00007ff8ea720000 - 0x00007ff8ea747000 	C:\Windows\System32\bcrypt.dll
0x00007ff8d0470000 - 0x00007ff8d04ae000 	C:\Windows\system32\dataexchange.dll
0x00007ff8e6b80000 - 0x00007ff8e6d63000 	C:\Windows\system32\dcomp.dll
0x00007ff8e59e0000 - 0x00007ff8e5c43000 	C:\Windows\system32\d3d11.dll
0x00007ff8e8d70000 - 0x00007ff8e8e63000 	C:\Windows\system32\dxgi.dll
0x00007ff8e37e0000 - 0x00007ff8e39e7000 	C:\Windows\system32\twinapi.appcore.dll
0x00007ff8d8850000 - 0x00007ff8d894a000 	C:\Windows\SYSTEM32\textinputframework.dll
0x00007ff8e7450000 - 0x00007ff8e7542000 	C:\Windows\System32\CoreMessaging.dll
0x00007ff8e70f0000 - 0x00007ff8e744b000 	C:\Windows\System32\CoreUIComponents.dll
0x00007ff8e9630000 - 0x00007ff8e9663000 	C:\Windows\SYSTEM32\ntmarta.dll
0x00007ff8e6a20000 - 0x00007ff8e6b75000 	C:\Windows\SYSTEM32\wintypes.dll

dbghelp: loaded successfully - version: 4.0.5 - missing functions: none
symbol engine: initialized successfully - sym options: 0x614 - pdb path: .;C:\Users\DELL\.p2\pool\plugins\org.eclipse.justj.openjdk.hotspot.jre.full.win32.x86_64_17.0.7.v20230425-1502\jre\bin;C:\Windows\SYSTEM32;C:\Windows\WinSxS\amd64_microsoft.windows.common-controls_6595b64144ccf1df_6.0.19041.3636_none_60b6a03d71f818d5;C:\Users\DELL\.p2\pool\plugins\org.eclipse.justj.openjdk.hotspot.jre.full.win32.x86_64_17.0.7.v20230425-1502\jre\bin\server

VM Arguments:
jvm_args: -Dfile.encoding=UTF-8 -XX:+ShowCodeDetailsInExceptionMessages 
java_command: AP_BANK_ATM.Signup
java_class_path (initial): E:\MCA Project\Bank-Management-System--master\out\production\Bank Management System;C:\Users\DELL\Downloads\jcalendar-tz-1.3.3-4.jar
Launcher Type: SUN_STANDARD

[Global flags]
     intx CICompilerCount                          = 3                                         {product} {ergonomic}
     uint ConcGCThreads                            = 1                                         {product} {ergonomic}
     uint G1ConcRefinementThreads                  = 4                                         {product} {ergonomic}
   size_t G1HeapRegionSize                         = 1048576                                   {product} {ergonomic}
    uintx GCDrainStackTargetSize                   = 64                                        {product} {ergonomic}
   size_t InitialHeapSize                          = 67108864                                  {product} {ergonomic}
   size_t MarkStackSize                            = 4194304                                   {product} {ergonomic}
   size_t MaxHeapSize                              = 1050673152                                {product} {ergonomic}
   size_t MaxNewSize                               = 630194176                                 {product} {ergonomic}
   size_t MinHeapDeltaBytes                        = 1048576                                   {product} {ergonomic}
   size_t MinHeapSize                              = 8388608                                   {product} {ergonomic}
    uintx NonNMethodCodeHeapSize                   = 5832780                                {pd product} {ergonomic}
    uintx NonProfiledCodeHeapSize                  = 122912730                              {pd product} {ergonomic}
    uintx ProfiledCodeHeapSize                     = 122912730                              {pd product} {ergonomic}
    uintx ReservedCodeCacheSize                    = 251658240                              {pd product} {ergonomic}
     bool SegmentedCodeCache                       = true                                      {product} {ergonomic}
     bool ShowCodeDetailsInExceptionMessages       = true                                   {manageable} {command line}
   size_t SoftMaxHeapSize                          = 1050673152                             {manageable} {ergonomic}
     bool UseCompressedClassPointers               = true                           {product lp64_product} {ergonomic}
     bool UseCompressedOops                        = true                           {product lp64_product} {ergonomic}
     bool UseG1GC                                  = true                                      {product} {ergonomic}
     bool UseLargePagesIndividualAllocation        = false                                  {pd product} {ergonomic}

Logging:
Log output configuration:
 #0: stdout all=warning uptime,level,tags
 #1: stderr all=off uptime,level,tags

Environment Variables:
PATH=C:/Users/DELL/.p2/pool/plugins/org.eclipse.justj.openjdk.hotspot.jre.full.win32.x86_64_17.0.7.v20230425-1502/jre/bin/server;C:/Users/DELL/.p2/pool/plugins/org.eclipse.justj.openjdk.hotspot.jre.full.win32.x86_64_17.0.7.v20230425-1502/jre/bin;E:\oracle\product\10.2.0\db_1\bin;C:\PROGRA~1\PTC\UTILIT~1\MKSTOO~1\bin64;C:\PROGRA~1\PTC\UTILIT~1\MKSTOO~1\bin;C:\PROGRA~1\PTC\UTILIT~1\MKSTOO~1\bin\X11;C:\PROGRA~1\PTC\UTILIT~1\MKSTOO~1\mksnt;C:\ProgramData\Oracle\Java\javapath;C:\Program Files (x86)\NVIDIA Corporation\PhysX\Common;C:\Program Files\Common Files\Oracle\Java\javapath;C:\Windows\system32;C:\Windows;C:\Windows\System32\Wbem;C:\Windows\System32\WindowsPowerShell\v1.0\;C:\Windows\System32\OpenSSH\;C:\Program Files (x86)\Windows Kits\8.1\Windows Performance Toolkit\;C:\Program Files\Microsoft SQL Server\130\Tools\Binn\;C:\Program Files\nodejs\;C:\Program Files\MySQL\MySQL Shell 8.0\bin\;C:\Users\DELL\AppData\Local\Programs\Python\Python310\Scripts\;C:\Users\DELL\AppData\Local\Programs\Python\Python310\;C:\Users\DELL\AppData\Local\Microsoft\WindowsApps;C:\Users\DELL\AppData\Local\Programs\Microsoft VS Code\bin;C:\Program Files\JetBrains\IntelliJ IDEA Community Edition 2021.2.2\bin;;C:\Program Files (x86)\Nmap;C:\Program Files\Java\jdk1.8.0_111\bin;C:\Users\DELL\AppData\Local\Programs\Microsoft VS Code;C:\Users\DELL\AppData\Roaming\npm;C:\Users\DELL\Desktop;
USERNAME=DELL
DISPLAY=:0.0
TERM=nutc
OS=Windows_NT
PROCESSOR_IDENTIFIER=Intel64 Family 6 Model 69 Stepping 1, GenuineIntel
TMP=C:\Users\DELL\AppData\Local\Temp
TEMP=C:\Users\DELL\AppData\Local\Temp



---------------  S Y S T E M  ---------------

OS:
 Windows 10 , 64 bit Build 19041 (10.0.19041.3636)
OS uptime: 0 days 20:44 hours

CPU: total 4 (initial active 4) (2 cores per cpu, 2 threads per core) family 6 model 69 stepping 1 microcode 0x25, cx8, cmov, fxsr, ht, mmx, sse, sse2, sse3, ssse3, sse4.1, sse4.2, popcnt, lzcnt, tsc, tscinvbit, avx, avx2, aes, erms, clmul, bmi1, bmi2, fma, vzeroupper, clflush

Memory: 4k page, system-wide physical 4001M (514M free)
TotalPageFile size 16289M (AvailPageFile size 5M)
current process WorkingSet (physical memory assigned to process): 109M, peak: 109M
current process commit charge ("private bytes"): 172M, peak: 172M

vm_info: OpenJDK 64-Bit Server VM (17.0.7+7) for windows-amd64 JRE (17.0.7+7), built on Apr 18 2023 22:10:42 by "temurin" with MS VC++ 16.7 (VS2019)

END.
