#
# There is insufficient memory for the Java Runtime Environment to continue.
# Native memory allocation (mmap) failed to map 65536 bytes for Failed to commit metaspace.
# Possible reasons:
#   The system is out of physical RAM or swap space
#   The process is running with CompressedOops enabled, and the Java Heap may be blocking the growth of the native heap
# Possible solutions:
#   Reduce memory load on the system
#   Increase physical memory or swap space
#   Check if swap backing store is full
#   Decrease Java heap size (-Xmx/-Xms)
#   Decrease number of Java threads
#   Decrease Java thread stack sizes (-Xss)
#   Set larger code cache with -XX:ReservedCodeCacheSize=
#   JVM is running with Unscaled Compressed Oops mode in which the Java heap is
#     placed in the first 4GB address space. The Java Heap base address is the
#     maximum limit for the native heap growth. Please use -XX:HeapBaseMinAddress
#     to set the Java Heap base and to place the Java Heap above 4GB virtual address.
# This output file may be truncated or incomplete.
#
#  Out of Memory Error (virtualSpaceNode.cpp:110), pid=20128, tid=20304
#
# JRE version: OpenJDK Runtime Environment Temurin-17.0.7+7 (17.0.7+7) (build 17.0.7+7)
# Java VM: OpenJDK 64-Bit Server VM Temurin-17.0.7+7 (17.0.7+7, mixed mode, tiered, compressed oops, compressed class ptrs, g1 gc, windows-amd64)
# No core dump will be written. Minidumps are not enabled by default on client versions of Windows
#

---------------  S U M M A R Y ------------

Command Line: -Dfile.encoding=UTF-8 -XX:+ShowCodeDetailsInExceptionMessages AP_BANK_ATM.Signup

Host: Intel(R) Core(TM) i3-4030U CPU @ 1.90GHz, 4 cores, 3G,  Windows 10 , 64 bit Build 19041 (10.0.19041.3636)
Time: Mon Nov 27 16:08:00 2023 India Standard Time elapsed time: 0.886799 seconds (0d 0h 0m 0s)

---------------  T H R E A D  ---------------

Current thread (0x00000176124608d0):  JavaThread "main" [_thread_in_vm, id=20304, stack(0x00000056a9900000,0x00000056a9a00000)]

Stack: [0x00000056a9900000,0x00000056a9a00000]
Native frames: (J=compiled Java code, j=interpreted, Vv=VM code, C=native code)
V  [jvm.dll+0x67754a]
V  [jvm.dll+0x834304]
V  [jvm.dll+0x835aae]
V  [jvm.dll+0x836113]
V  [jvm.dll+0x24696f]
V  [jvm.dll+0x83039b]
V  [jvm.dll+0x61c006]
V  [jvm.dll+0x61c06a]
V  [jvm.dll+0x61e89a]
V  [jvm.dll+0x61c9a6]
V  [jvm.dll+0x2442bc]
V  [jvm.dll+0x6cdf4d]
V  [jvm.dll+0x6ce97f]
V  [jvm.dll+0x371b23]
V  [jvm.dll+0x370bc4]
V  [jvm.dll+0x370b68]
V  [jvm.dll+0x380a8a]
C  0x000001761d06b5a5

Java frames: (J=compiled Java code, j=interpreted, Vv=VM code)
j  javax.swing.UIManager.getLAFState()Ljavax/swing/UIManager$LAFState;+37 java.desktop@17.0.7
j  javax.swing.UIManager.maybeInitialize()V+6 java.desktop@17.0.7
j  javax.swing.UIManager.getUI(Ljavax/swing/JComponent;)Ljavax/swing/plaf/ComponentUI;+0 java.desktop@17.0.7
j  javax.swing.JPanel.updateUI()V+2 java.desktop@17.0.7
j  javax.swing.JPanel.<init>(Ljava/awt/LayoutManager;Z)V+24 java.desktop@17.0.7
j  javax.swing.JPanel.<init>(Z)V+9 java.desktop@17.0.7
j  javax.swing.JPanel.<init>()V+2 java.desktop@17.0.7
j  javax.swing.JRootPane.createGlassPane()Ljava/awt/Component;+4 java.desktop@17.0.7
j  javax.swing.JRootPane.<init>()V+11 java.desktop@17.0.7
j  javax.swing.JFrame.createRootPane()Ljavax/swing/JRootPane;+4 java.desktop@17.0.7
j  javax.swing.JFrame.frameInit()V+16 java.desktop@17.0.7
j  javax.swing.JFrame.<init>(Ljava/lang/String;)V+21 java.desktop@17.0.7
j  AP_BANK_ATM.Signup.<init>()V+3
j  AP_BANK_ATM.Signup.main([Ljava/lang/String;)V+3
v  ~StubRoutines::call_stub

---------------  P R O C E S S  ---------------

Threads class SMR info:
_java_thread_list=0x000001762e005310, length=15, elements={
0x00000176124608d0, 0x000001762953b7f0, 0x000001762953cb60, 0x00000176295267b0,
0x00000176295682e0, 0x000001762956be40, 0x000001762956c7e0, 0x000001762957dba0,
0x000001762957e590, 0x0000017629591f70, 0x0000017629569c90, 0x00000176295692f0,
0x000001762956b4a0, 0x000001762956c310, 0x000001762956a630
}

Java Threads: ( => current thread )
=>0x00000176124608d0 JavaThread "main" [_thread_in_vm, id=20304, stack(0x00000056a9900000,0x00000056a9a00000)]
  0x000001762953b7f0 JavaThread "Reference Handler" daemon [_thread_blocked, id=19956, stack(0x00000056aa000000,0x00000056aa100000)]
  0x000001762953cb60 JavaThread "Finalizer" daemon [_thread_blocked, id=19960, stack(0x00000056aa100000,0x00000056aa200000)]
  0x00000176295267b0 JavaThread "Signal Dispatcher" daemon [_thread_blocked, id=13224, stack(0x00000056aa300000,0x00000056aa400000)]
  0x00000176295682e0 JavaThread "Attach Listener" daemon [_thread_blocked, id=8116, stack(0x00000056aa400000,0x00000056aa500000)]
  0x000001762956be40 JavaThread "Service Thread" daemon [_thread_blocked, id=12584, stack(0x00000056aa500000,0x00000056aa600000)]
  0x000001762956c7e0 JavaThread "Monitor Deflation Thread" daemon [_thread_blocked, id=5484, stack(0x00000056aa600000,0x00000056aa700000)]
  0x000001762957dba0 JavaThread "C2 CompilerThread0" daemon [_thread_blocked, id=19516, stack(0x00000056aa700000,0x00000056aa800000)]
  0x000001762957e590 JavaThread "C1 CompilerThread0" daemon [_thread_blocked, id=19212, stack(0x00000056aa800000,0x00000056aa900000)]
  0x0000017629591f70 JavaThread "Sweeper thread" daemon [_thread_blocked, id=20404, stack(0x00000056aa900000,0x00000056aaa00000)]
  0x0000017629569c90 JavaThread "Notification Thread" daemon [_thread_blocked, id=14244, stack(0x00000056aaa00000,0x00000056aab00000)]
  0x00000176295692f0 JavaThread "Common-Cleaner" daemon [_thread_blocked, id=6404, stack(0x00000056aac00000,0x00000056aad00000)]
  0x000001762956b4a0 JavaThread "Java2D Disposer" daemon [_thread_blocked, id=9176, stack(0x00000056aad00000,0x00000056aae00000)]
  0x000001762956c310 JavaThread "AWT-Shutdown" [_thread_blocked, id=18084, stack(0x00000056aae00000,0x00000056aaf00000)]
  0x000001762956a630 JavaThread "AWT-Windows" daemon [_thread_in_native, id=8620, stack(0x00000056aaf00000,0x00000056ab000000)]

Other Threads:
  0x000001761251d950 VMThread "VM Thread" [stack: 0x00000056a9f00000,0x00000056aa000000] [id=19964]
  0x00000176297de210 WatcherThread [stack: 0x00000056aab00000,0x00000056aac00000] [id=18228]
  0x000001761249c940 GCTaskThread "GC Thread#0" [stack: 0x00000056a9a00000,0x00000056a9b00000] [id=20380]
  0x00000176124a55c0 ConcurrentGCThread "G1 Main Marker" [stack: 0x00000056a9b00000,0x00000056a9c00000] [id=20160]
  0x00000176124a6110 ConcurrentGCThread "G1 Conc#0" [stack: 0x00000056a9c00000,0x00000056a9d00000] [id=20012]
  0x00000176124f30d0 ConcurrentGCThread "G1 Refine#0" [stack: 0x00000056a9d00000,0x00000056a9e00000] [id=20240]
  0x00000176124f3c30 ConcurrentGCThread "G1 Service" [stack: 0x00000056a9e00000,0x00000056a9f00000] [id=20008]

Threads with active compile tasks:

VM state: not at safepoint (normal execution)

VM Mutex/Monitor currently owned by a thread:  ([mutex/lock_event])
[0x000001761245f460] Metaspace_lock - owner thread: 0x00000176124608d0

Heap address: 0x00000000c1600000, size: 1002 MB, Compressed Oops mode: 32-bit

CDS archive(s) not mapped
Compressed class space mapped at: 0x0000000100000000-0x0000000140000000, reserved size: 1073741824
Narrow klass base: 0x0000000000000000, Narrow klass shift: 3, Narrow klass range: 0x140000000

GC Precious Log:
 CPUs: 4 total, 4 available
 Memory: 4001M
 Large Page Support: Disabled
 NUMA Support: Disabled
 Compressed Oops: Enabled (32-bit)
 Heap Region Size: 1M
 Heap Min Capacity: 8M
 Heap Initial Capacity: 64M
 Heap Max Capacity: 1002M
 Pre-touch: Disabled
 Parallel Workers: 4
 Concurrent Workers: 1
 Concurrent Refinement Workers: 4
 Periodic GC: Disabled

Heap:
 garbage-first heap   total 65536K, used 2048K [0x00000000c1600000, 0x0000000100000000)
  region size 1024K, 3 young (3072K), 0 survivors (0K)
 Metaspace       used 9720K, committed 9856K, reserved 1114112K
  class space    used 893K, committed 960K, reserved 1048576K

Heap Regions: E=young(eden), S=young(survivor), O=old, HS=humongous(starts), HC=humongous(continues), CS=collection set, F=free, OA=open archive, CA=closed archive, TAMS=top-at-mark-start (previous, next)
|   0|0x00000000c1600000, 0x00000000c1600000, 0x00000000c1700000|  0%| F|  |TAMS 0x00000000c1600000, 0x00000000c1600000| Untracked 
|   1|0x00000000c1700000, 0x00000000c1700000, 0x00000000c1800000|  0%| F|  |TAMS 0x00000000c1700000, 0x00000000c1700000| Untracked 
|   2|0x00000000c1800000, 0x00000000c1800000, 0x00000000c1900000|  0%| F|  |TAMS 0x00000000c1800000, 0x00000000c1800000| Untracked 
|   3|0x00000000c1900000, 0x00000000c1900000, 0x00000000c1a00000|  0%| F|  |TAMS 0x00000000c1900000, 0x00000000c1900000| Untracked 
|   4|0x00000000c1a00000, 0x00000000c1a00000, 0x00000000c1b00000|  0%| F|  |TAMS 0x00000000c1a00000, 0x00000000c1a00000| Untracked 
|   5|0x00000000c1b00000, 0x00000000c1b00000, 0x00000000c1c00000|  0%| F|  |TAMS 0x00000000c1b00000, 0x00000000c1b00000| Untracked 
|   6|0x00000000c1c00000, 0x00000000c1c00000, 0x00000000c1d00000|  0%| F|  |TAMS 0x00000000c1c00000, 0x00000000c1c00000| Untracked 
|   7|0x00000000c1d00000, 0x00000000c1d00000, 0x00000000c1e00000|  0%| F|  |TAMS 0x00000000c1d00000, 0x00000000c1d00000| Untracked 
|   8|0x00000000c1e00000, 0x00000000c1e00000, 0x00000000c1f00000|  0%| F|  |TAMS 0x00000000c1e00000, 0x00000000c1e00000| Untracked 
|   9|0x00000000c1f00000, 0x00000000c1f00000, 0x00000000c2000000|  0%| F|  |TAMS 0x00000000c1f00000, 0x00000000c1f00000| Untracked 
|  10|0x00000000c2000000, 0x00000000c2000000, 0x00000000c2100000|  0%| F|  |TAMS 0x00000000c2000000, 0x00000000c2000000| Untracked 
|  11|0x00000000c2100000, 0x00000000c2100000, 0x00000000c2200000|  0%| F|  |TAMS 0x00000000c2100000, 0x00000000c2100000| Untracked 
|  12|0x00000000c2200000, 0x00000000c2200000, 0x00000000c2300000|  0%| F|  |TAMS 0x00000000c2200000, 0x00000000c2200000| Untracked 
|  13|0x00000000c2300000, 0x00000000c2300000, 0x00000000c2400000|  0%| F|  |TAMS 0x00000000c2300000, 0x00000000c2300000| Untracked 
|  14|0x00000000c2400000, 0x00000000c2400000, 0x00000000c2500000|  0%| F|  |TAMS 0x00000000c2400000, 0x00000000c2400000| Untracked 
|  15|0x00000000c2500000, 0x00000000c2500000, 0x00000000c2600000|  0%| F|  |TAMS 0x00000000c2500000, 0x00000000c2500000| Untracked 
|  16|0x00000000c2600000, 0x00000000c2600000, 0x00000000c2700000|  0%| F|  |TAMS 0x00000000c2600000, 0x00000000c2600000| Untracked 
|  17|0x00000000c2700000, 0x00000000c2700000, 0x00000000c2800000|  0%| F|  |TAMS 0x00000000c2700000, 0x00000000c2700000| Untracked 
|  18|0x00000000c2800000, 0x00000000c2800000, 0x00000000c2900000|  0%| F|  |TAMS 0x00000000c2800000, 0x00000000c2800000| Untracked 
|  19|0x00000000c2900000, 0x00000000c2900000, 0x00000000c2a00000|  0%| F|  |TAMS 0x00000000c2900000, 0x00000000c2900000| Untracked 
|  20|0x00000000c2a00000, 0x00000000c2a00000, 0x00000000c2b00000|  0%| F|  |TAMS 0x00000000c2a00000, 0x00000000c2a00000| Untracked 
|  21|0x00000000c2b00000, 0x00000000c2b00000, 0x00000000c2c00000|  0%| F|  |TAMS 0x00000000c2b00000, 0x00000000c2b00000| Untracked 
|  22|0x00000000c2c00000, 0x00000000c2c00000, 0x00000000c2d00000|  0%| F|  |TAMS 0x00000000c2c00000, 0x00000000c2c00000| Untracked 
|  23|0x00000000c2d00000, 0x00000000c2d00000, 0x00000000c2e00000|  0%| F|  |TAMS 0x00000000c2d00000, 0x00000000c2d00000| Untracked 
|  24|0x00000000c2e00000, 0x00000000c2e00000, 0x00000000c2f00000|  0%| F|  |TAMS 0x00000000c2e00000, 0x00000000c2e00000| Untracked 
|  25|0x00000000c2f00000, 0x00000000c2f00000, 0x00000000c3000000|  0%| F|  |TAMS 0x00000000c2f00000, 0x00000000c2f00000| Untracked 
|  26|0x00000000c3000000, 0x00000000c3000000, 0x00000000c3100000|  0%| F|  |TAMS 0x00000000c3000000, 0x00000000c3000000| Untracked 
|  27|0x00000000c3100000, 0x00000000c3100000, 0x00000000c3200000|  0%| F|  |TAMS 0x00000000c3100000, 0x00000000c3100000| Untracked 
|  28|0x00000000c3200000, 0x00000000c3200000, 0x00000000c3300000|  0%| F|  |TAMS 0x00000000c3200000, 0x00000000c3200000| Untracked 
|  29|0x00000000c3300000, 0x00000000c3300000, 0x00000000c3400000|  0%| F|  |TAMS 0x00000000c3300000, 0x00000000c3300000| Untracked 
|  30|0x00000000c3400000, 0x00000000c3400000, 0x00000000c3500000|  0%| F|  |TAMS 0x00000000c3400000, 0x00000000c3400000| Untracked 
|  31|0x00000000c3500000, 0x00000000c3500000, 0x00000000c3600000|  0%| F|  |TAMS 0x00000000c3500000, 0x00000000c3500000| Untracked 
|  32|0x00000000c3600000, 0x00000000c3600000, 0x00000000c3700000|  0%| F|  |TAMS 0x00000000c3600000, 0x00000000c3600000| Untracked 
|  33|0x00000000c3700000, 0x00000000c3700000, 0x00000000c3800000|  0%| F|  |TAMS 0x00000000c3700000, 0x00000000c3700000| Untracked 
|  34|0x00000000c3800000, 0x00000000c3800000, 0x00000000c3900000|  0%| F|  |TAMS 0x00000000c3800000, 0x00000000c3800000| Untracked 
|  35|0x00000000c3900000, 0x00000000c3900000, 0x00000000c3a00000|  0%| F|  |TAMS 0x00000000c3900000, 0x00000000c3900000| Untracked 
|  36|0x00000000c3a00000, 0x00000000c3a00000, 0x00000000c3b00000|  0%| F|  |TAMS 0x00000000c3a00000, 0x00000000c3a00000| Untracked 
|  37|0x00000000c3b00000, 0x00000000c3b00000, 0x00000000c3c00000|  0%| F|  |TAMS 0x00000000c3b00000, 0x00000000c3b00000| Untracked 
|  38|0x00000000c3c00000, 0x00000000c3c00000, 0x00000000c3d00000|  0%| F|  |TAMS 0x00000000c3c00000, 0x00000000c3c00000| Untracked 
|  39|0x00000000c3d00000, 0x00000000c3d00000, 0x00000000c3e00000|  0%| F|  |TAMS 0x00000000c3d00000, 0x00000000c3d00000| Untracked 
|  40|0x00000000c3e00000, 0x00000000c3e00000, 0x00000000c3f00000|  0%| F|  |TAMS 0x00000000c3e00000, 0x00000000c3e00000| Untracked 
|  41|0x00000000c3f00000, 0x00000000c3f00000, 0x00000000c4000000|  0%| F|  |TAMS 0x00000000c3f00000, 0x00000000c3f00000| Untracked 
|  42|0x00000000c4000000, 0x00000000c4000000, 0x00000000c4100000|  0%| F|  |TAMS 0x00000000c4000000, 0x00000000c4000000| Untracked 
|  43|0x00000000c4100000, 0x00000000c4100000, 0x00000000c4200000|  0%| F|  |TAMS 0x00000000c4100000, 0x00000000c4100000| Untracked 
|  44|0x00000000c4200000, 0x00000000c4200000, 0x00000000c4300000|  0%| F|  |TAMS 0x00000000c4200000, 0x00000000c4200000| Untracked 
|  45|0x00000000c4300000, 0x00000000c4300000, 0x00000000c4400000|  0%| F|  |TAMS 0x00000000c4300000, 0x00000000c4300000| Untracked 
|  46|0x00000000c4400000, 0x00000000c4400000, 0x00000000c4500000|  0%| F|  |TAMS 0x00000000c4400000, 0x00000000c4400000| Untracked 
|  47|0x00000000c4500000, 0x00000000c4500000, 0x00000000c4600000|  0%| F|  |TAMS 0x00000000c4500000, 0x00000000c4500000| Untracked 
|  48|0x00000000c4600000, 0x00000000c4600000, 0x00000000c4700000|  0%| F|  |TAMS 0x00000000c4600000, 0x00000000c4600000| Untracked 
|  49|0x00000000c4700000, 0x00000000c4700000, 0x00000000c4800000|  0%| F|  |TAMS 0x00000000c4700000, 0x00000000c4700000| Untracked 
|  50|0x00000000c4800000, 0x00000000c4800000, 0x00000000c4900000|  0%| F|  |TAMS 0x00000000c4800000, 0x00000000c4800000| Untracked 
|  51|0x00000000c4900000, 0x00000000c4900000, 0x00000000c4a00000|  0%| F|  |TAMS 0x00000000c4900000, 0x00000000c4900000| Untracked 
|  52|0x00000000c4a00000, 0x00000000c4a00000, 0x00000000c4b00000|  0%| F|  |TAMS 0x00000000c4a00000, 0x00000000c4a00000| Untracked 
|  53|0x00000000c4b00000, 0x00000000c4b00000, 0x00000000c4c00000|  0%| F|  |TAMS 0x00000000c4b00000, 0x00000000c4b00000| Untracked 
|  54|0x00000000c4c00000, 0x00000000c4c00000, 0x00000000c4d00000|  0%| F|  |TAMS 0x00000000c4c00000, 0x00000000c4c00000| Untracked 
|  55|0x00000000c4d00000, 0x00000000c4d00000, 0x00000000c4e00000|  0%| F|  |TAMS 0x00000000c4d00000, 0x00000000c4d00000| Untracked 
|  56|0x00000000c4e00000, 0x00000000c4e00000, 0x00000000c4f00000|  0%| F|  |TAMS 0x00000000c4e00000, 0x00000000c4e00000| Untracked 
|  57|0x00000000c4f00000, 0x00000000c4f00000, 0x00000000c5000000|  0%| F|  |TAMS 0x00000000c4f00000, 0x00000000c4f00000| Untracked 
|  58|0x00000000c5000000, 0x00000000c5000000, 0x00000000c5100000|  0%| F|  |TAMS 0x00000000c5000000, 0x00000000c5000000| Untracked 
|  59|0x00000000c5100000, 0x00000000c5100000, 0x00000000c5200000|  0%| F|  |TAMS 0x00000000c5100000, 0x00000000c5100000| Untracked 
|  60|0x00000000c5200000, 0x00000000c5200000, 0x00000000c5300000|  0%| F|  |TAMS 0x00000000c5200000, 0x00000000c5200000| Untracked 
|  61|0x00000000c5300000, 0x00000000c53c8728, 0x00000000c5400000| 78%| E|  |TAMS 0x00000000c5300000, 0x00000000c5300000| Complete 
|  62|0x00000000c5400000, 0x00000000c5500000, 0x00000000c5500000|100%| E|CS|TAMS 0x00000000c5400000, 0x00000000c5400000| Complete 
|  63|0x00000000c5500000, 0x00000000c5600000, 0x00000000c5600000|100%| E|CS|TAMS 0x00000000c5500000, 0x00000000c5500000| Complete 

Card table byte_map: [0x0000017624d20000,0x0000017624f20000] _byte_map_base: 0x0000017624715000

Marking Bits (Prev, Next): (CMBitMap*) 0x000001761249cf50, (CMBitMap*) 0x000001761249cf90
 Prev Bits: [0x0000017625120000, 0x00000176260c8000)
 Next Bits: [0x00000176260d0000, 0x0000017627078000)

Polling page: 0x0000017610450000

Metaspace:

Usage:
  Non-class:      8.62 MB used.
      Class:    893.59 KB used.
       Both:      9.49 MB used.

Virtual space:
  Non-class space:       64.00 MB reserved,       8.69 MB ( 14%) committed,  1 nodes.
      Class space:        1.00 GB reserved,     960.00 KB ( <1%) committed,  1 nodes.
             Both:        1.06 GB reserved,       9.62 MB ( <1%) committed. 

Chunk freelists:
   Non-Class:  6.98 MB
       Class:  15.09 MB
        Both:  22.08 MB

MaxMetaspaceSize: unlimited
CompressedClassSpaceSize: 1.00 GB
Initial GC threshold: 21.00 MB
Current GC threshold: 21.00 MB
CDS: off
MetaspaceReclaimPolicy: balanced
 - commit_granule_bytes: 65536.
 - commit_granule_words: 8192.
 - virtual_space_node_default_size: 8388608.
 - enlarge_chunks_in_place: 1.
 - new_chunks_are_fully_committed: 0.
 - uncommit_free_chunks: 1.
 - use_allocation_guard: 0.
 - handle_deallocations: 1.


Internal statistics:

num_allocs_failed_limit: 0.
num_arena_births: 72.
num_arena_deaths: 0.
num_vsnodes_births: 2.
num_vsnodes_deaths: 0.
num_space_committed: 154.
num_space_uncommitted: 0.
num_chunks_returned_to_freelist: 0.
num_chunks_taken_from_freelist: 109.
num_chunk_merges: 0.
num_chunk_splits: 61.
num_chunks_enlarged: 30.
num_inconsistent_stats: 0.

CodeHeap 'non-profiled nmethods': size=120000Kb used=100Kb max_used=100Kb free=119899Kb
 bounds [0x000001761d5f0000, 0x000001761d860000, 0x0000017624b20000]
CodeHeap 'profiled nmethods': size=120000Kb used=486Kb max_used=486Kb free=119513Kb
 bounds [0x0000017615b20000, 0x0000017615d90000, 0x000001761d050000]
CodeHeap 'non-nmethods': size=5760Kb used=1179Kb max_used=1189Kb free=4580Kb
 bounds [0x000001761d050000, 0x000001761d2c0000, 0x000001761d5f0000]
 total_blobs=822 nmethods=344 adapters=391
 compilation: enabled
              stopped_count=0, restarted_count=0
 full_count=0

Compilation events (20 events):
Event: 0.864 Thread 0x000001762957e590  333       3       java.lang.String::compareTo (63 bytes)
Event: 0.865 Thread 0x000001762957e590 nmethod 333 0x0000017615b97210 code [0x0000017615b97420, 0x0000017615b978b8]
Event: 0.865 Thread 0x000001762957e590  336       3       java.lang.StringLatin1::compareTo (14 bytes)
Event: 0.865 Thread 0x000001762957e590 nmethod 336 0x0000017615b97a90 code [0x0000017615b97c40, 0x0000017615b97d68]
Event: 0.865 Thread 0x000001762957e590  337       1       java.util.HashMap$Node::getKey (5 bytes)
Event: 0.865 Thread 0x000001762957e590 nmethod 337 0x000001761d608a10 code [0x000001761d608ba0, 0x000001761d608c78]
Event: 0.865 Thread 0x000001762957e590  338       1       java.util.HashMap$Node::getValue (5 bytes)
Event: 0.865 Thread 0x000001762957e590 nmethod 338 0x000001761d608d10 code [0x000001761d608ea0, 0x000001761d608f78]
Event: 0.866 Thread 0x000001762957e590  339       3       java.util.AbstractSet::<init> (5 bytes)
Event: 0.866 Thread 0x000001762957e590 nmethod 339 0x0000017615b97e90 code [0x0000017615b98040, 0x0000017615b981f8]
Event: 0.866 Thread 0x000001762957e590  340       3       java.util.HashSet::add (20 bytes)
Event: 0.867 Thread 0x000001762957e590 nmethod 340 0x0000017615b98310 code [0x0000017615b984c0, 0x0000017615b986e8]
Event: 0.867 Thread 0x000001762957e590  341       3       java.util.HashMap$HashIterator::hasNext (13 bytes)
Event: 0.867 Thread 0x000001762957e590 nmethod 341 0x0000017615b98790 code [0x0000017615b98920, 0x0000017615b98a98]
Event: 0.867 Thread 0x000001762957e590  343       3       java.util.HashMap$HashIterator::nextNode (100 bytes)
Event: 0.868 Thread 0x000001762957e590 nmethod 343 0x0000017615b98b10 code [0x0000017615b98d00, 0x0000017615b99238]
Event: 0.868 Thread 0x000001762957e590  344       3       java.util.IdentityHashMap$IdentityHashMapIterator::hasNext (50 bytes)
Event: 0.868 Thread 0x000001762957e590 nmethod 344 0x0000017615b99410 code [0x0000017615b995c0, 0x0000017615b99818]
Event: 0.868 Thread 0x000001762957e590  342       1       java.util.concurrent.atomic.AtomicInteger::get (5 bytes)
Event: 0.868 Thread 0x000001762957e590 nmethod 342 0x000001761d609010 code [0x000001761d6091a0, 0x000001761d609278]

GC Heap History (0 events):
No events

Dll operation events (6 events):
Event: 0.042 Loaded shared library C:\Users\DELL\.p2\pool\plugins\org.eclipse.justj.openjdk.hotspot.jre.full.win32.x86_64_17.0.7.v20230425-1502\jre\bin\java.dll
Event: 0.478 Loaded shared library C:\Users\DELL\.p2\pool\plugins\org.eclipse.justj.openjdk.hotspot.jre.full.win32.x86_64_17.0.7.v20230425-1502\jre\bin\net.dll
Event: 0.480 Loaded shared library C:\Users\DELL\.p2\pool\plugins\org.eclipse.justj.openjdk.hotspot.jre.full.win32.x86_64_17.0.7.v20230425-1502\jre\bin\nio.dll
Event: 0.494 Loaded shared library C:\Users\DELL\.p2\pool\plugins\org.eclipse.justj.openjdk.hotspot.jre.full.win32.x86_64_17.0.7.v20230425-1502\jre\bin\zip.dll
Event: 0.526 Loaded shared library C:\Users\DELL\.p2\pool\plugins\org.eclipse.justj.openjdk.hotspot.jre.full.win32.x86_64_17.0.7.v20230425-1502\jre\bin\jimage.dll
Event: 0.612 Loaded shared library C:\Users\DELL\.p2\pool\plugins\org.eclipse.justj.openjdk.hotspot.jre.full.win32.x86_64_17.0.7.v20230425-1502\jre\bin\awt.dll

Deoptimization events (0 events):
No events

Classes unloaded (0 events):
No events

Classes redefined (0 events):
No events

Internal exceptions (4 events):
Event: 0.586 Thread 0x00000176124608d0 Exception <a 'java/lang/ClassNotFoundException'{0x00000000c5450130}: sun/awt/resources/spi/awtProvider> (0x00000000c5450130) 
thrown [s\src\hotspot\share\classfile\systemDictionary.cpp, line 256]
Event: 0.672 Thread 0x00000176124608d0 Exception <a 'java/io/FileNotFoundException'{0x00000000c54a9dd0}> (0x00000000c54a9dd0) 
thrown [s\src\hotspot\share\prims\jni.cpp, line 516]
Event: 0.693 Thread 0x00000176124608d0 Exception <a 'java/io/FileNotFoundException'{0x00000000c54d6ff0}> (0x00000000c54d6ff0) 
thrown [s\src\hotspot\share\prims\jni.cpp, line 516]
Event: 0.799 Thread 0x00000176124608d0 Exception <a 'java/lang/NoSuchMethodError'{0x00000000c53281e0}: 'java.lang.Object java.lang.invoke.DirectMethodHandle$Holder.invokeStaticInit(java.lang.Object)'> (0x00000000c53281e0) 
thrown [s\src\hotspot\share\interpreter\linkResolver.cpp, line 759]

VM Operations (2 events):
Event: 0.497 Executing VM operation: HandshakeAllThreads
Event: 0.497 Executing VM operation: HandshakeAllThreads done

Events (20 events):
Event: 0.865 loading class java/util/Collections$SynchronizedCollection
Event: 0.865 loading class java/util/Collections$SynchronizedCollection done
Event: 0.865 loading class java/util/IdentityHashMap$Values
Event: 0.865 loading class java/util/IdentityHashMap$Values done
Event: 0.865 loading class java/util/IdentityHashMap$ValueIterator
Event: 0.865 loading class java/util/IdentityHashMap$IdentityHashMapIterator
Event: 0.866 loading class java/util/IdentityHashMap$IdentityHashMapIterator done
Event: 0.866 loading class java/util/IdentityHashMap$ValueIterator done
Event: 0.869 loading class sun/swing/SwingUtilities2
Event: 0.870 loading class sun/swing/SwingUtilities2 done
Event: 0.870 loading class java/awt/font/FontRenderContext
Event: 0.870 loading class java/awt/font/FontRenderContext done
Event: 0.870 loading class sun/swing/StringUIClientPropertyKey
Event: 0.870 loading class javax/swing/UIClientPropertyKey
Event: 0.870 loading class javax/swing/UIClientPropertyKey done
Event: 0.870 loading class sun/swing/StringUIClientPropertyKey done
Event: 0.870 loading class sun/swing/SwingUtilities2$LSBCacheEntry
Event: 0.871 loading class sun/swing/SwingUtilities2$LSBCacheEntry done
Event: 0.871 loading class javax/swing/UIManager$LAFState
Event: 0.871 loading class javax/swing/UIManager$LAFState done


Dynamic libraries:
0x00007ff6d8980000 - 0x00007ff6d898e000 	C:\Users\DELL\.p2\pool\plugins\org.eclipse.justj.openjdk.hotspot.jre.full.win32.x86_64_17.0.7.v20230425-1502\jre\bin\javaw.exe
0x00007ff8ecdd0000 - 0x00007ff8ecfc8000 	C:\Windows\SYSTEM32\ntdll.dll
0x00007ff8ebca0000 - 0x00007ff8ebd5d000 	C:\Windows\System32\KERNEL32.DLL
0x00007ff8ea850000 - 0x00007ff8eab46000 	C:\Windows\System32\KERNELBASE.dll
0x00007ff8ea750000 - 0x00007ff8ea850000 	C:\Windows\System32\ucrtbase.dll
0x00007ff8e6400000 - 0x00007ff8e6417000 	C:\Users\DELL\.p2\pool\plugins\org.eclipse.justj.openjdk.hotspot.jre.full.win32.x86_64_17.0.7.v20230425-1502\jre\bin\jli.dll
0x00007ff8eae30000 - 0x00007ff8eafce000 	C:\Windows\System32\USER32.dll
0x00007ff8eae00000 - 0x00007ff8eae22000 	C:\Windows\System32\win32u.dll
0x00007ff8ebb20000 - 0x00007ff8ebb4c000 	C:\Windows\System32\GDI32.dll
0x00007ff8ea550000 - 0x00007ff8ea66a000 	C:\Windows\System32\gdi32full.dll
0x00007ff8ea4b0000 - 0x00007ff8ea54d000 	C:\Windows\System32\msvcp_win.dll
0x00007ff8e6330000 - 0x00007ff8e6349000 	C:\Users\DELL\.p2\pool\plugins\org.eclipse.justj.openjdk.hotspot.jre.full.win32.x86_64_17.0.7.v20230425-1502\jre\bin\VCRUNTIME140.dll
0x00007ff8d8300000 - 0x00007ff8d859a000 	C:\Windows\WinSxS\amd64_microsoft.windows.common-controls_6595b64144ccf1df_6.0.19041.3636_none_60b6a03d71f818d5\COMCTL32.dll
0x00007ff8ebee0000 - 0x00007ff8ebf7e000 	C:\Windows\System32\msvcrt.dll
0x00007ff8eb5b0000 - 0x00007ff8eb5e0000 	C:\Windows\System32\IMM32.DLL
0x00007ff8e6320000 - 0x00007ff8e632c000 	C:\Users\DELL\.p2\pool\plugins\org.eclipse.justj.openjdk.hotspot.jre.full.win32.x86_64_17.0.7.v20230425-1502\jre\bin\vcruntime140_1.dll
0x00007ff8d16e0000 - 0x00007ff8d1771000 	C:\Users\DELL\.p2\pool\plugins\org.eclipse.justj.openjdk.hotspot.jre.full.win32.x86_64_17.0.7.v20230425-1502\jre\bin\msvcp140.dll
0x00007ff89c660000 - 0x00007ff89d2a8000 	C:\Users\DELL\.p2\pool\plugins\org.eclipse.justj.openjdk.hotspot.jre.full.win32.x86_64_17.0.7.v20230425-1502\jre\bin\server\jvm.dll
0x00007ff8eb0d0000 - 0x00007ff8eb17f000 	C:\Windows\System32\ADVAPI32.dll
0x00007ff8eba80000 - 0x00007ff8ebb1c000 	C:\Windows\System32\sechost.dll
0x00007ff8ebb50000 - 0x00007ff8ebc76000 	C:\Windows\System32\RPCRT4.dll
0x00007ff8e6200000 - 0x00007ff8e6209000 	C:\Windows\SYSTEM32\WSOCK32.dll
0x00007ff8eafd0000 - 0x00007ff8eb03b000 	C:\Windows\System32\WS2_32.dll
0x00007ff8e15b0000 - 0x00007ff8e15d7000 	C:\Windows\SYSTEM32\WINMM.dll
0x00007ff8db820000 - 0x00007ff8db82a000 	C:\Windows\SYSTEM32\VERSION.dll
0x00007ff8e83c0000 - 0x00007ff8e83d2000 	C:\Windows\SYSTEM32\kernel.appcore.dll
0x00007ff8e5270000 - 0x00007ff8e527a000 	C:\Users\DELL\.p2\pool\plugins\org.eclipse.justj.openjdk.hotspot.jre.full.win32.x86_64_17.0.7.v20230425-1502\jre\bin\jimage.dll
0x00007ff8d29a0000 - 0x00007ff8d2b84000 	C:\Windows\SYSTEM32\DBGHELP.DLL
0x00007ff8d2960000 - 0x00007ff8d2994000 	C:\Windows\SYSTEM32\dbgcore.DLL
0x00007ff8ead00000 - 0x00007ff8ead82000 	C:\Windows\System32\bcryptPrimitives.dll
0x00007ff8d2870000 - 0x00007ff8d2895000 	C:\Users\DELL\.p2\pool\plugins\org.eclipse.justj.openjdk.hotspot.jre.full.win32.x86_64_17.0.7.v20230425-1502\jre\bin\java.dll
0x00007ff8e50a0000 - 0x00007ff8e50b8000 	C:\Users\DELL\.p2\pool\plugins\org.eclipse.justj.openjdk.hotspot.jre.full.win32.x86_64_17.0.7.v20230425-1502\jre\bin\zip.dll
0x00007ff8ec040000 - 0x00007ff8ec784000 	C:\Windows\System32\SHELL32.dll
0x00007ff8e8570000 - 0x00007ff8e8d0b000 	C:\Windows\SYSTEM32\windows.storage.dll
0x00007ff8eb720000 - 0x00007ff8eba74000 	C:\Windows\System32\combase.dll
0x00007ff8e9ef0000 - 0x00007ff8e9f1d000 	C:\Windows\SYSTEM32\Wldp.dll
0x00007ff8eb330000 - 0x00007ff8eb3dd000 	C:\Windows\System32\SHCORE.dll
0x00007ff8eb5e0000 - 0x00007ff8eb635000 	C:\Windows\System32\shlwapi.dll
0x00007ff8ea3e0000 - 0x00007ff8ea405000 	C:\Windows\SYSTEM32\profapi.dll
0x00007ff8e0c10000 - 0x00007ff8e0c29000 	C:\Users\DELL\.p2\pool\plugins\org.eclipse.justj.openjdk.hotspot.jre.full.win32.x86_64_17.0.7.v20230425-1502\jre\bin\net.dll
0x00007ff8e4400000 - 0x00007ff8e450a000 	C:\Windows\SYSTEM32\WINHTTP.dll
0x00007ff8e9c50000 - 0x00007ff8e9cba000 	C:\Windows\system32\mswsock.dll
0x00007ff8e0640000 - 0x00007ff8e0655000 	C:\Users\DELL\.p2\pool\plugins\org.eclipse.justj.openjdk.hotspot.jre.full.win32.x86_64_17.0.7.v20230425-1502\jre\bin\nio.dll
0x00007ff8ca7d0000 - 0x00007ff8ca95e000 	C:\Users\DELL\.p2\pool\plugins\org.eclipse.justj.openjdk.hotspot.jre.full.win32.x86_64_17.0.7.v20230425-1502\jre\bin\awt.dll
0x00007ff8eb650000 - 0x00007ff8eb71d000 	C:\Windows\System32\OLEAUT32.dll
0x00007ff8e7690000 - 0x00007ff8e7720000 	C:\Windows\SYSTEM32\apphelp.dll
0x00007ff8e80e0000 - 0x00007ff8e810f000 	C:\Windows\system32\DWMAPI.DLL
0x00007ff8e77c0000 - 0x00007ff8e785e000 	C:\Windows\system32\uxtheme.dll
0x00007ff8c9580000 - 0x00007ff8c96a5000 	C:\Windows\system32\opengl32.dll
0x00007ff8e08e0000 - 0x00007ff8e090c000 	C:\Windows\SYSTEM32\GLU32.dll
0x00007ff8ebd60000 - 0x00007ff8ebe74000 	C:\Windows\System32\MSCTF.dll
0x00007ff8eb470000 - 0x00007ff8eb59b000 	C:\Windows\System32\ole32.dll

dbghelp: loaded successfully - version: 4.0.5 - missing functions: none
symbol engine: initialized successfully - sym options: 0x614 - pdb path: .;C:\Users\DELL\.p2\pool\plugins\org.eclipse.justj.openjdk.hotspot.jre.full.win32.x86_64_17.0.7.v20230425-1502\jre\bin;C:\Windows\SYSTEM32;C:\Windows\WinSxS\amd64_microsoft.windows.common-controls_6595b64144ccf1df_6.0.19041.3636_none_60b6a03d71f818d5;C:\Users\DELL\.p2\pool\plugins\org.eclipse.justj.openjdk.hotspot.jre.full.win32.x86_64_17.0.7.v20230425-1502\jre\bin\server

VM Arguments:
jvm_args: -Dfile.encoding=UTF-8 -XX:+ShowCodeDetailsInExceptionMessages 
java_command: AP_BANK_ATM.Signup
java_class_path (initial): E:\MCA Project\Bank-Management-System--master\out\production\Bank Management System;C:\Users\DELL\Downloads\jcalendar-tz-1.3.3-4.jar
Launcher Type: SUN_STANDARD

[Global flags]
     intx CICompilerCount                          = 3                                         {product} {ergonomic}
     uint ConcGCThreads                            = 1                                         {product} {ergonomic}
     uint G1ConcRefinementThreads                  = 4                                         {product} {ergonomic}
   size_t G1HeapRegionSize                         = 1048576                                   {product} {ergonomic}
    uintx GCDrainStackTargetSize                   = 64                                        {product} {ergonomic}
   size_t InitialHeapSize                          = 67108864                                  {product} {ergonomic}
   size_t MarkStackSize                            = 4194304                                   {product} {ergonomic}
   size_t MaxHeapSize                              = 1050673152                                {product} {ergonomic}
   size_t MaxNewSize                               = 630194176                                 {product} {ergonomic}
   size_t MinHeapDeltaBytes                        = 1048576                                   {product} {ergonomic}
   size_t MinHeapSize                              = 8388608                                   {product} {ergonomic}
    uintx NonNMethodCodeHeapSize                   = 5832780                                {pd product} {ergonomic}
    uintx NonProfiledCodeHeapSize                  = 122912730                              {pd product} {ergonomic}
    uintx ProfiledCodeHeapSize                     = 122912730                              {pd product} {ergonomic}
    uintx ReservedCodeCacheSize                    = 251658240                              {pd product} {ergonomic}
     bool SegmentedCodeCache                       = true                                      {product} {ergonomic}
     bool ShowCodeDetailsInExceptionMessages       = true                                   {manageable} {command line}
   size_t SoftMaxHeapSize                          = 1050673152                             {manageable} {ergonomic}
     bool UseCompressedClassPointers               = true                           {product lp64_product} {ergonomic}
     bool UseCompressedOops                        = true                           {product lp64_product} {ergonomic}
     bool UseG1GC                                  = true                                      {product} {ergonomic}
     bool UseLargePagesIndividualAllocation        = false                                  {pd product} {ergonomic}

Logging:
Log output configuration:
 #0: stdout all=warning uptime,level,tags
 #1: stderr all=off uptime,level,tags

Environment Variables:
PATH=C:/Users/DELL/.p2/pool/plugins/org.eclipse.justj.openjdk.hotspot.jre.full.win32.x86_64_17.0.7.v20230425-1502/jre/bin/server;C:/Users/DELL/.p2/pool/plugins/org.eclipse.justj.openjdk.hotspot.jre.full.win32.x86_64_17.0.7.v20230425-1502/jre/bin;E:\oracle\product\10.2.0\db_1\bin;C:\PROGRA~1\PTC\UTILIT~1\MKSTOO~1\bin64;C:\PROGRA~1\PTC\UTILIT~1\MKSTOO~1\bin;C:\PROGRA~1\PTC\UTILIT~1\MKSTOO~1\bin\X11;C:\PROGRA~1\PTC\UTILIT~1\MKSTOO~1\mksnt;C:\ProgramData\Oracle\Java\javapath;C:\Program Files (x86)\NVIDIA Corporation\PhysX\Common;C:\Program Files\Common Files\Oracle\Java\javapath;C:\Windows\system32;C:\Windows;C:\Windows\System32\Wbem;C:\Windows\System32\WindowsPowerShell\v1.0\;C:\Windows\System32\OpenSSH\;C:\Program Files (x86)\Windows Kits\8.1\Windows Performance Toolkit\;C:\Program Files\Microsoft SQL Server\130\Tools\Binn\;C:\Program Files\nodejs\;C:\Program Files\MySQL\MySQL Shell 8.0\bin\;C:\Users\DELL\AppData\Local\Programs\Python\Python310\Scripts\;C:\Users\DELL\AppData\Local\Programs\Python\Python310\;C:\Users\DELL\AppData\Local\Microsoft\WindowsApps;C:\Users\DELL\AppData\Local\Programs\Microsoft VS Code\bin;C:\Program Files\JetBrains\IntelliJ IDEA Community Edition 2021.2.2\bin;;C:\Program Files (x86)\Nmap;C:\Program Files\Java\jdk1.8.0_111\bin;C:\Users\DELL\AppData\Local\Programs\Microsoft VS Code;C:\Users\DELL\AppData\Roaming\npm;C:\Users\DELL\Desktop;
USERNAME=DELL
DISPLAY=:0.0
TERM=nutc
OS=Windows_NT
PROCESSOR_IDENTIFIER=Intel64 Family 6 Model 69 Stepping 1, GenuineIntel
TMP=C:\Users\DELL\AppData\Local\Temp
TEMP=C:\Users\DELL\AppData\Local\Temp



---------------  S Y S T E M  ---------------

OS:
 Windows 10 , 64 bit Build 19041 (10.0.19041.3636)
OS uptime: 0 days 21:24 hours

CPU: total 4 (initial active 4) (2 cores per cpu, 2 threads per core) family 6 model 69 stepping 1 microcode 0x25, cx8, cmov, fxsr, ht, mmx, sse, sse2, sse3, ssse3, sse4.1, sse4.2, popcnt, lzcnt, tsc, tscinvbit, avx, avx2, aes, erms, clmul, bmi1, bmi2, fma, vzeroupper, clflush

Memory: 4k page, system-wide physical 4001M (511M free)
TotalPageFile size 16289M (AvailPageFile size 8M)
current process WorkingSet (physical memory assigned to process): 44M, peak: 44M
current process commit charge ("private bytes"): 136M, peak: 136M

vm_info: OpenJDK 64-Bit Server VM (17.0.7+7) for windows-amd64 JRE (17.0.7+7), built on Apr 18 2023 22:10:42 by "temurin" with MS VC++ 16.7 (VS2019)

END.
